{"numTotalTestSuites":291,"numPassedTestSuites":291,"numFailedTestSuites":0,"numPendingTestSuites":0,"numTotalTests":775,"numPassedTests":775,"numFailedTests":0,"numPendingTests":0,"numTodoTests":0,"snapshot":{"added":0,"failure":false,"filesAdded":0,"filesRemoved":0,"filesRemovedList":[],"filesUnmatched":0,"filesUpdated":0,"matched":0,"total":0,"unchecked":0,"uncheckedKeysByFile":[],"unmatched":0,"updated":0,"didUpdate":false},"startTime":1768665722226,"success":true,"testResults":[{"assertionResults":[{"ancestorTitles":["booking.dto","BookingStatus"],"fullName":"booking.dto BookingStatus should have PENDING status","status":"passed","title":"should have PENDING status","duration":0.9775000000000205,"failureMessages":[],"meta":{}},{"ancestorTitles":["booking.dto","BookingStatus"],"fullName":"booking.dto BookingStatus should have CONFIRMED status","status":"passed","title":"should have CONFIRMED status","duration":0.08929999999998017,"failureMessages":[],"meta":{}},{"ancestorTitles":["booking.dto","BookingStatus"],"fullName":"booking.dto BookingStatus should have COMPLETED status","status":"passed","title":"should have COMPLETED status","duration":0.06479999999999109,"failureMessages":[],"meta":{}},{"ancestorTitles":["booking.dto","BookingStatus"],"fullName":"booking.dto BookingStatus should have CANCELLED status","status":"passed","title":"should have CANCELLED status","duration":0.05299999999999727,"failureMessages":[],"meta":{}},{"ancestorTitles":["booking.dto","BookingStatus"],"fullName":"booking.dto BookingStatus should have all 4 statuses","status":"passed","title":"should have all 4 statuses","duration":0.8528999999999769,"failureMessages":[],"meta":{}},{"ancestorTitles":["booking.dto","PaymentStatus"],"fullName":"booking.dto PaymentStatus should have PENDING status","status":"passed","title":"should have PENDING status","duration":0.07709999999997308,"failureMessages":[],"meta":{}},{"ancestorTitles":["booking.dto","PaymentStatus"],"fullName":"booking.dto PaymentStatus should have COMPLETED status","status":"passed","title":"should have COMPLETED status","duration":0.051999999999964075,"failureMessages":[],"meta":{}},{"ancestorTitles":["booking.dto","PaymentStatus"],"fullName":"booking.dto PaymentStatus should have FAILED status","status":"passed","title":"should have FAILED status","duration":0.05089999999995598,"failureMessages":[],"meta":{}},{"ancestorTitles":["booking.dto","PaymentStatus"],"fullName":"booking.dto PaymentStatus should have REFUNDED status","status":"passed","title":"should have REFUNDED status","duration":0.05490000000003192,"failureMessages":[],"meta":{}},{"ancestorTitles":["booking.dto","PaymentStatus"],"fullName":"booking.dto PaymentStatus should have all 4 statuses","status":"passed","title":"should have all 4 statuses","duration":0.20620000000002392,"failureMessages":[],"meta":{}},{"ancestorTitles":["booking.dto","CreateBookingDto"],"fullName":"booking.dto CreateBookingDto should accept valid booking data with all required fields","status":"passed","title":"should accept valid booking data with all required fields","duration":0.20309999999994943,"failureMessages":[],"meta":{}},{"ancestorTitles":["booking.dto","CreateBookingDto"],"fullName":"booking.dto CreateBookingDto should have correct types for all fields","status":"passed","title":"should have correct types for all fields","duration":0.12930000000000064,"failureMessages":[],"meta":{}},{"ancestorTitles":["booking.dto","UpdateBookingDto"],"fullName":"booking.dto UpdateBookingDto should accept empty update object","status":"passed","title":"should accept empty update object","duration":0.08999999999997499,"failureMessages":[],"meta":{}},{"ancestorTitles":["booking.dto","UpdateBookingDto"],"fullName":"booking.dto UpdateBookingDto should accept update with totalGuests only","status":"passed","title":"should accept update with totalGuests only","duration":0.05459999999999354,"failureMessages":[],"meta":{}},{"ancestorTitles":["booking.dto","BookingResponseDto"],"fullName":"booking.dto BookingResponseDto should accept valid booking response with all required fields","status":"passed","title":"should accept valid booking response with all required fields","duration":0.10379999999997835,"failureMessages":[],"meta":{}},{"ancestorTitles":["booking.dto","BookingResponseDto"],"fullName":"booking.dto BookingResponseDto should have id field","status":"passed","title":"should have id field","duration":0.08010000000001583,"failureMessages":[],"meta":{}},{"ancestorTitles":["booking.dto","BookingResponseDto"],"fullName":"booking.dto BookingResponseDto should have status field","status":"passed","title":"should have status field","duration":0.05719999999996617,"failureMessages":[],"meta":{}},{"ancestorTitles":["booking.dto","BookingResponseDto"],"fullName":"booking.dto BookingResponseDto should have createdAt and updatedAt fields","status":"passed","title":"should have createdAt and updatedAt fields","duration":0.07100000000002638,"failureMessages":[],"meta":{}},{"ancestorTitles":["booking.dto","BookingResponseDto"],"fullName":"booking.dto BookingResponseDto should accept optional days field","status":"passed","title":"should accept optional days field","duration":0.05459999999999354,"failureMessages":[],"meta":{}},{"ancestorTitles":["booking.dto","BookingResponseDto"],"fullName":"booking.dto BookingResponseDto should accept optional property field","status":"passed","title":"should accept optional property field","duration":0.07419999999996207,"failureMessages":[],"meta":{}},{"ancestorTitles":["booking.dto","BookingResponseDto"],"fullName":"booking.dto BookingResponseDto should accept optional user field","status":"passed","title":"should accept optional user field","duration":0.08209999999996853,"failureMessages":[],"meta":{}},{"ancestorTitles":["booking.dto","BookingResponseDto"],"fullName":"booking.dto BookingResponseDto should accept response with both property and user","status":"passed","title":"should accept response with both property and user","duration":0.07550000000003365,"failureMessages":[],"meta":{}},{"ancestorTitles":["booking.dto","BookingListResponseDto"],"fullName":"booking.dto BookingListResponseDto should accept empty booking list","status":"passed","title":"should accept empty booking list","duration":0.17439999999999145,"failureMessages":[],"meta":{}},{"ancestorTitles":["booking.dto","BookingListResponseDto"],"fullName":"booking.dto BookingListResponseDto should accept list with multiple bookings","status":"passed","title":"should accept list with multiple bookings","duration":0.1442000000000121,"failureMessages":[],"meta":{}},{"ancestorTitles":["booking.dto","BookingListResponseDto"],"fullName":"booking.dto BookingListResponseDto should have bookings array","status":"passed","title":"should have bookings array","duration":0.05729999999999791,"failureMessages":[],"meta":{}},{"ancestorTitles":["booking.dto","BookingListResponseDto"],"fullName":"booking.dto BookingListResponseDto should have total count","status":"passed","title":"should have total count","duration":0.06209999999998672,"failureMessages":[],"meta":{}},{"ancestorTitles":["booking.dto","BookingCalendarDto"],"fullName":"booking.dto BookingCalendarDto should accept available calendar entry","status":"passed","title":"should accept available calendar entry","duration":0.06889999999998508,"failureMessages":[],"meta":{}},{"ancestorTitles":["booking.dto","BookingCalendarDto"],"fullName":"booking.dto BookingCalendarDto should accept unavailable calendar entry with bookingId","status":"passed","title":"should accept unavailable calendar entry with bookingId","duration":0.062100000000043565,"failureMessages":[],"meta":{}},{"ancestorTitles":["booking.dto","BookingCalendarDto"],"fullName":"booking.dto BookingCalendarDto should accept calendar entry with price","status":"passed","title":"should accept calendar entry with price","duration":0.10509999999999309,"failureMessages":[],"meta":{}},{"ancestorTitles":["booking.dto","BookingCalendarDto"],"fullName":"booking.dto BookingCalendarDto should accept calendar entry with all optional fields","status":"passed","title":"should accept calendar entry with all optional fields","duration":0.07749999999998636,"failureMessages":[],"meta":{}},{"ancestorTitles":["booking.dto","BookingAvailabilityDto"],"fullName":"booking.dto BookingAvailabilityDto should accept availability with empty calendar","status":"passed","title":"should accept availability with empty calendar","duration":0.08539999999999281,"failureMessages":[],"meta":{}},{"ancestorTitles":["booking.dto","BookingAvailabilityDto"],"fullName":"booking.dto BookingAvailabilityDto should accept availability with calendar entries","status":"passed","title":"should accept availability with calendar entries","duration":0.10320000000001528,"failureMessages":[],"meta":{}},{"ancestorTitles":["booking.dto","BookingAvailabilityDto"],"fullName":"booking.dto BookingAvailabilityDto should have propertyId field","status":"passed","title":"should have propertyId field","duration":0.048699999999996635,"failureMessages":[],"meta":{}},{"ancestorTitles":["booking.dto","BookingAvailabilityDto"],"fullName":"booking.dto BookingAvailabilityDto should have startDate and endDate as Date","status":"passed","title":"should have startDate and endDate as Date","duration":0.0654999999999859,"failureMessages":[],"meta":{}},{"ancestorTitles":["booking.dto","BookingAvailabilityDto"],"fullName":"booking.dto BookingAvailabilityDto should have calendar array","status":"passed","title":"should have calendar array","duration":0.0625,"failureMessages":[],"meta":{}}],"startTime":1768665723907,"endTime":1768665723913.1033,"status":"passed","message":"","name":"D:/REPOSITORY/Project/BookingApp/packages/dto/src/__tests__/booking.dto.test.ts"},{"assertionResults":[{"ancestorTitles":["property.dto","CreatePropertyDto"],"fullName":"property.dto CreatePropertyDto should accept valid property data with all required fields","status":"passed","title":"should accept valid property data with all required fields","duration":1.5704000000000065,"failureMessages":[],"meta":{}},{"ancestorTitles":["property.dto","CreatePropertyDto"],"fullName":"property.dto CreatePropertyDto should accept property data with imageUrl","status":"passed","title":"should accept property data with imageUrl","duration":0.18310000000002447,"failureMessages":[],"meta":{}},{"ancestorTitles":["property.dto","CreatePropertyDto"],"fullName":"property.dto CreatePropertyDto should accept property data with null imageUrl","status":"passed","title":"should accept property data with null imageUrl","duration":0.1419999999999959,"failureMessages":[],"meta":{}},{"ancestorTitles":["property.dto","CreatePropertyDto"],"fullName":"property.dto CreatePropertyDto should have correct types for all fields","status":"passed","title":"should have correct types for all fields","duration":0.18760000000000332,"failureMessages":[],"meta":{}},{"ancestorTitles":["property.dto","UpdatePropertyDto"],"fullName":"property.dto UpdatePropertyDto should accept empty update object","status":"passed","title":"should accept empty update object","duration":0.8284000000000162,"failureMessages":[],"meta":{}},{"ancestorTitles":["property.dto","UpdatePropertyDto"],"fullName":"property.dto UpdatePropertyDto should accept partial update with title only","status":"passed","title":"should accept partial update with title only","duration":0.15000000000000568,"failureMessages":[],"meta":{}},{"ancestorTitles":["property.dto","UpdatePropertyDto"],"fullName":"property.dto UpdatePropertyDto should accept partial update with description only","status":"passed","title":"should accept partial update with description only","duration":0.12120000000001596,"failureMessages":[],"meta":{}},{"ancestorTitles":["property.dto","UpdatePropertyDto"],"fullName":"property.dto UpdatePropertyDto should accept partial update with pricePerNight only","status":"passed","title":"should accept partial update with pricePerNight only","duration":0.11259999999998627,"failureMessages":[],"meta":{}},{"ancestorTitles":["property.dto","UpdatePropertyDto"],"fullName":"property.dto UpdatePropertyDto should accept partial update with address only","status":"passed","title":"should accept partial update with address only","duration":0.09970000000001278,"failureMessages":[],"meta":{}},{"ancestorTitles":["property.dto","UpdatePropertyDto"],"fullName":"property.dto UpdatePropertyDto should accept partial update with imageUrl as string","status":"passed","title":"should accept partial update with imageUrl as string","duration":0.1314999999999884,"failureMessages":[],"meta":{}},{"ancestorTitles":["property.dto","UpdatePropertyDto"],"fullName":"property.dto UpdatePropertyDto should accept partial update with imageUrl as null","status":"passed","title":"should accept partial update with imageUrl as null","duration":0.10480000000001155,"failureMessages":[],"meta":{}},{"ancestorTitles":["property.dto","UpdatePropertyDto"],"fullName":"property.dto UpdatePropertyDto should accept update with multiple fields","status":"passed","title":"should accept update with multiple fields","duration":0.15130000000002042,"failureMessages":[],"meta":{}},{"ancestorTitles":["property.dto","UpdatePropertyDto"],"fullName":"property.dto UpdatePropertyDto should accept update with all fields","status":"passed","title":"should accept update with all fields","duration":0.19480000000001496,"failureMessages":[],"meta":{}},{"ancestorTitles":["property.dto","PropertyResponseDto"],"fullName":"property.dto PropertyResponseDto should accept valid property response with all fields","status":"passed","title":"should accept valid property response with all fields","duration":0.2909000000000219,"failureMessages":[],"meta":{}},{"ancestorTitles":["property.dto","PropertyResponseDto"],"fullName":"property.dto PropertyResponseDto should accept property response with null imageUrl","status":"passed","title":"should accept property response with null imageUrl","duration":0.12539999999998486,"failureMessages":[],"meta":{}},{"ancestorTitles":["property.dto","PropertyResponseDto"],"fullName":"property.dto PropertyResponseDto should have id field","status":"passed","title":"should have id field","duration":0.15729999999999222,"failureMessages":[],"meta":{}},{"ancestorTitles":["property.dto","PropertyResponseDto"],"fullName":"property.dto PropertyResponseDto should have status field","status":"passed","title":"should have status field","duration":0.12180000000000746,"failureMessages":[],"meta":{}},{"ancestorTitles":["property.dto","PropertyResponseDto"],"fullName":"property.dto PropertyResponseDto should have createdAt field as Date","status":"passed","title":"should have createdAt field as Date","duration":0.13139999999998508,"failureMessages":[],"meta":{}},{"ancestorTitles":["property.dto","PropertyListResponseDto"],"fullName":"property.dto PropertyListResponseDto should accept empty property list","status":"passed","title":"should accept empty property list","duration":0.20669999999998367,"failureMessages":[],"meta":{}},{"ancestorTitles":["property.dto","PropertyListResponseDto"],"fullName":"property.dto PropertyListResponseDto should accept list with multiple properties","status":"passed","title":"should accept list with multiple properties","duration":0.23029999999999973,"failureMessages":[],"meta":{}},{"ancestorTitles":["property.dto","PropertyListResponseDto"],"fullName":"property.dto PropertyListResponseDto should have properties array","status":"passed","title":"should have properties array","duration":0.14209999999999923,"failureMessages":[],"meta":{}},{"ancestorTitles":["property.dto","PropertyListResponseDto"],"fullName":"property.dto PropertyListResponseDto should have total count","status":"passed","title":"should have total count","duration":0.12779999999997926,"failureMessages":[],"meta":{}}],"startTime":1768665724651,"endTime":1768665724657.2302,"status":"passed","message":"","name":"D:/REPOSITORY/Project/BookingApp/packages/dto/src/__tests__/property.dto.test.ts"},{"assertionResults":[{"ancestorTitles":["property.schema","createPropertySchema","valid inputs"],"fullName":"property.schema createPropertySchema valid inputs should accept valid property data with all fields","status":"passed","title":"should accept valid property data with all fields","duration":4.102400000000046,"failureMessages":[],"meta":{}},{"ancestorTitles":["property.schema","createPropertySchema","valid inputs"],"fullName":"property.schema createPropertySchema valid inputs should accept valid property data without imageUrl","status":"passed","title":"should accept valid property data without imageUrl","duration":0.47610000000003083,"failureMessages":[],"meta":{}},{"ancestorTitles":["property.schema","createPropertySchema","valid inputs"],"fullName":"property.schema createPropertySchema valid inputs should accept valid property data with undefined imageUrl","status":"passed","title":"should accept valid property data with undefined imageUrl","duration":0.3815999999999917,"failureMessages":[],"meta":{}},{"ancestorTitles":["property.schema","createPropertySchema","valid inputs"],"fullName":"property.schema createPropertySchema valid inputs should accept minimum valid values","status":"passed","title":"should accept minimum valid values","duration":0.332300000000032,"failureMessages":[],"meta":{}},{"ancestorTitles":["property.schema","createPropertySchema","valid inputs"],"fullName":"property.schema createPropertySchema valid inputs should accept maximum valid values","status":"passed","title":"should accept maximum valid values","duration":0.19709999999997763,"failureMessages":[],"meta":{}},{"ancestorTitles":["property.schema","createPropertySchema","title validation"],"fullName":"property.schema createPropertySchema title validation should reject title shorter than 3 characters","status":"passed","title":"should reject title shorter than 3 characters","duration":0.9993999999999801,"failureMessages":[],"meta":{}},{"ancestorTitles":["property.schema","createPropertySchema","title validation"],"fullName":"property.schema createPropertySchema title validation should reject title longer than 200 characters","status":"passed","title":"should reject title longer than 200 characters","duration":0.2817000000000007,"failureMessages":[],"meta":{}},{"ancestorTitles":["property.schema","createPropertySchema","title validation"],"fullName":"property.schema createPropertySchema title validation should reject empty title","status":"passed","title":"should reject empty title","duration":0.29759999999998854,"failureMessages":[],"meta":{}},{"ancestorTitles":["property.schema","createPropertySchema","title validation"],"fullName":"property.schema createPropertySchema title validation should reject non-string title","status":"passed","title":"should reject non-string title","duration":0.33269999999998845,"failureMessages":[],"meta":{}},{"ancestorTitles":["property.schema","createPropertySchema","description validation"],"fullName":"property.schema createPropertySchema description validation should reject description shorter than 10 characters","status":"passed","title":"should reject description shorter than 10 characters","duration":0.41200000000003456,"failureMessages":[],"meta":{}},{"ancestorTitles":["property.schema","createPropertySchema","description validation"],"fullName":"property.schema createPropertySchema description validation should reject description longer than 5000 characters","status":"passed","title":"should reject description longer than 5000 characters","duration":0.3405999999999949,"failureMessages":[],"meta":{}},{"ancestorTitles":["property.schema","createPropertySchema","description validation"],"fullName":"property.schema createPropertySchema description validation should reject empty description","status":"passed","title":"should reject empty description","duration":0.21040000000004966,"failureMessages":[],"meta":{}},{"ancestorTitles":["property.schema","createPropertySchema","pricePerNight validation"],"fullName":"property.schema createPropertySchema pricePerNight validation should reject negative price","status":"passed","title":"should reject negative price","duration":0.3824999999999932,"failureMessages":[],"meta":{}},{"ancestorTitles":["property.schema","createPropertySchema","pricePerNight validation"],"fullName":"property.schema createPropertySchema pricePerNight validation should reject price greater than 1000000","status":"passed","title":"should reject price greater than 1000000","duration":0.3394000000000119,"failureMessages":[],"meta":{}},{"ancestorTitles":["property.schema","createPropertySchema","pricePerNight validation"],"fullName":"property.schema createPropertySchema pricePerNight validation should reject non-number price","status":"passed","title":"should reject non-number price","duration":0.2758000000000038,"failureMessages":[],"meta":{}},{"ancestorTitles":["property.schema","createPropertySchema","pricePerNight validation"],"fullName":"property.schema createPropertySchema pricePerNight validation should accept zero price","status":"passed","title":"should accept zero price","duration":0.15690000000000737,"failureMessages":[],"meta":{}},{"ancestorTitles":["property.schema","createPropertySchema","address validation"],"fullName":"property.schema createPropertySchema address validation should reject address shorter than 5 characters","status":"passed","title":"should reject address shorter than 5 characters","duration":0.4326000000000363,"failureMessages":[],"meta":{}},{"ancestorTitles":["property.schema","createPropertySchema","address validation"],"fullName":"property.schema createPropertySchema address validation should reject address longer than 500 characters","status":"passed","title":"should reject address longer than 500 characters","duration":0.21289999999999054,"failureMessages":[],"meta":{}},{"ancestorTitles":["property.schema","createPropertySchema","address validation"],"fullName":"property.schema createPropertySchema address validation should reject empty address","status":"passed","title":"should reject empty address","duration":0.20870000000002165,"failureMessages":[],"meta":{}},{"ancestorTitles":["property.schema","createPropertySchema","imageUrl validation"],"fullName":"property.schema createPropertySchema imageUrl validation should reject invalid URL format","status":"passed","title":"should reject invalid URL format","duration":0.33960000000001855,"failureMessages":[],"meta":{}},{"ancestorTitles":["property.schema","createPropertySchema","imageUrl validation"],"fullName":"property.schema createPropertySchema imageUrl validation should reject URL without protocol","status":"passed","title":"should reject URL without protocol","duration":0.310799999999972,"failureMessages":[],"meta":{}},{"ancestorTitles":["property.schema","createPropertySchema","imageUrl validation"],"fullName":"property.schema createPropertySchema imageUrl validation should accept valid HTTP URL","status":"passed","title":"should accept valid HTTP URL","duration":0.15809999999999036,"failureMessages":[],"meta":{}},{"ancestorTitles":["property.schema","createPropertySchema","imageUrl validation"],"fullName":"property.schema createPropertySchema imageUrl validation should accept valid HTTPS URL","status":"passed","title":"should accept valid HTTPS URL","duration":0.12810000000001764,"failureMessages":[],"meta":{}},{"ancestorTitles":["property.schema","createPropertySchema","ownerId validation"],"fullName":"property.schema createPropertySchema ownerId validation should reject non-UUID format","status":"passed","title":"should reject non-UUID format","duration":0.2589999999999577,"failureMessages":[],"meta":{}},{"ancestorTitles":["property.schema","createPropertySchema","ownerId validation"],"fullName":"property.schema createPropertySchema ownerId validation should reject empty string as ownerId","status":"passed","title":"should reject empty string as ownerId","duration":0.24329999999997654,"failureMessages":[],"meta":{}},{"ancestorTitles":["property.schema","createPropertySchema","ownerId validation"],"fullName":"property.schema createPropertySchema ownerId validation should accept valid UUID v4","status":"passed","title":"should accept valid UUID v4","duration":0.15670000000000073,"failureMessages":[],"meta":{}},{"ancestorTitles":["property.schema","updatePropertySchema","valid partial updates"],"fullName":"property.schema updatePropertySchema valid partial updates should accept updating only title","status":"passed","title":"should accept updating only title","duration":0.5186999999999671,"failureMessages":[],"meta":{}},{"ancestorTitles":["property.schema","updatePropertySchema","valid partial updates"],"fullName":"property.schema updatePropertySchema valid partial updates should accept updating only description","status":"passed","title":"should accept updating only description","duration":0.1219000000000392,"failureMessages":[],"meta":{}},{"ancestorTitles":["property.schema","updatePropertySchema","valid partial updates"],"fullName":"property.schema updatePropertySchema valid partial updates should accept updating only pricePerNight","status":"passed","title":"should accept updating only pricePerNight","duration":0.18070000000000164,"failureMessages":[],"meta":{}},{"ancestorTitles":["property.schema","updatePropertySchema","valid partial updates"],"fullName":"property.schema updatePropertySchema valid partial updates should accept updating only address","status":"passed","title":"should accept updating only address","duration":0.12310000000002219,"failureMessages":[],"meta":{}},{"ancestorTitles":["property.schema","updatePropertySchema","valid partial updates"],"fullName":"property.schema updatePropertySchema valid partial updates should accept updating multiple fields","status":"passed","title":"should accept updating multiple fields","duration":0.10529999999999973,"failureMessages":[],"meta":{}},{"ancestorTitles":["property.schema","updatePropertySchema","valid partial updates"],"fullName":"property.schema updatePropertySchema valid partial updates should accept updating all fields","status":"passed","title":"should accept updating all fields","duration":0.13220000000001164,"failureMessages":[],"meta":{}},{"ancestorTitles":["property.schema","updatePropertySchema","valid partial updates"],"fullName":"property.schema updatePropertySchema valid partial updates should accept null imageUrl","status":"passed","title":"should accept null imageUrl","duration":0.0987999999999829,"failureMessages":[],"meta":{}},{"ancestorTitles":["property.schema","updatePropertySchema","invalid updates"],"fullName":"property.schema updatePropertySchema invalid updates should reject empty object","status":"passed","title":"should reject empty object","duration":0.33969999999999345,"failureMessages":[],"meta":{}},{"ancestorTitles":["property.schema","updatePropertySchema","invalid updates"],"fullName":"property.schema updatePropertySchema invalid updates should reject invalid title in partial update","status":"passed","title":"should reject invalid title in partial update","duration":0.17339999999995825,"failureMessages":[],"meta":{}},{"ancestorTitles":["property.schema","updatePropertySchema","invalid updates"],"fullName":"property.schema updatePropertySchema invalid updates should reject invalid price in partial update","status":"passed","title":"should reject invalid price in partial update","duration":0.13900000000001,"failureMessages":[],"meta":{}},{"ancestorTitles":["property.schema","updatePropertySchema","invalid updates"],"fullName":"property.schema updatePropertySchema invalid updates should reject invalid URL in imageUrl update","status":"passed","title":"should reject invalid URL in imageUrl update","duration":0.14660000000003492,"failureMessages":[],"meta":{}},{"ancestorTitles":["property.schema","propertyIdSchema"],"fullName":"property.schema propertyIdSchema should accept valid UUID","status":"passed","title":"should accept valid UUID","duration":0.20009999999996353,"failureMessages":[],"meta":{}},{"ancestorTitles":["property.schema","propertyIdSchema"],"fullName":"property.schema propertyIdSchema should reject non-UUID string","status":"passed","title":"should reject non-UUID string","duration":0.14850000000001273,"failureMessages":[],"meta":{}},{"ancestorTitles":["property.schema","propertyIdSchema"],"fullName":"property.schema propertyIdSchema should reject empty string","status":"passed","title":"should reject empty string","duration":0.11340000000001282,"failureMessages":[],"meta":{}},{"ancestorTitles":["property.schema","propertyIdSchema"],"fullName":"property.schema propertyIdSchema should reject malformed UUID","status":"passed","title":"should reject malformed UUID","duration":0.10090000000002419,"failureMessages":[],"meta":{}},{"ancestorTitles":["property.schema","propertyIdSchema"],"fullName":"property.schema propertyIdSchema should reject object without id field","status":"passed","title":"should reject object without id field","duration":0.10079999999999245,"failureMessages":[],"meta":{}}],"startTime":1768665724361,"endTime":1768665724376.2002,"status":"passed","message":"","name":"D:/REPOSITORY/Project/BookingApp/packages/validation/src/__tests__/property.schema.test.ts"},{"assertionResults":[{"ancestorTitles":["errorHandler","PropertyNotFoundError handling"],"fullName":"errorHandler PropertyNotFoundError handling should return 404 status for PropertyNotFoundError","status":"passed","title":"should return 404 status for PropertyNotFoundError","duration":3.1433000000000106,"failureMessages":[],"meta":{}},{"ancestorTitles":["errorHandler","PropertyNotFoundError handling"],"fullName":"errorHandler PropertyNotFoundError handling should include error message in response","status":"passed","title":"should include error message in response","duration":0.9208000000000425,"failureMessages":[],"meta":{}},{"ancestorTitles":["errorHandler","PropertyNotFoundError handling"],"fullName":"errorHandler PropertyNotFoundError handling should not call next() for PropertyNotFoundError","status":"passed","title":"should not call next() for PropertyNotFoundError","duration":0.24389999999999645,"failureMessages":[],"meta":{}},{"ancestorTitles":["errorHandler","DomainError handling"],"fullName":"errorHandler DomainError handling should return 400 status for DomainError","status":"passed","title":"should return 400 status for DomainError","duration":0.24639999999999418,"failureMessages":[],"meta":{}},{"ancestorTitles":["errorHandler","DomainError handling"],"fullName":"errorHandler DomainError handling should handle custom DomainError messages","status":"passed","title":"should handle custom DomainError messages","duration":0.3062999999999647,"failureMessages":[],"meta":{}},{"ancestorTitles":["errorHandler","DomainError handling"],"fullName":"errorHandler DomainError handling should not call next() for DomainError","status":"passed","title":"should not call next() for DomainError","duration":0.212600000000009,"failureMessages":[],"meta":{}},{"ancestorTitles":["errorHandler","Unknown error handling"],"fullName":"errorHandler Unknown error handling should return 500 status for unknown errors","status":"passed","title":"should return 500 status for unknown errors","duration":0.22090000000002874,"failureMessages":[],"meta":{}},{"ancestorTitles":["errorHandler","Unknown error handling"],"fullName":"errorHandler Unknown error handling should not expose unknown error messages","status":"passed","title":"should not expose unknown error messages","duration":0.14339999999998554,"failureMessages":[],"meta":{}},{"ancestorTitles":["errorHandler","Unknown error handling"],"fullName":"errorHandler Unknown error handling should handle string errors","status":"passed","title":"should handle string errors","duration":0.12360000000001037,"failureMessages":[],"meta":{}},{"ancestorTitles":["errorHandler","Unknown error handling"],"fullName":"errorHandler Unknown error handling should handle object errors","status":"passed","title":"should handle object errors","duration":0.19099999999997408,"failureMessages":[],"meta":{}},{"ancestorTitles":["errorHandler","Unknown error handling"],"fullName":"errorHandler Unknown error handling should handle null errors","status":"passed","title":"should handle null errors","duration":0.12049999999999272,"failureMessages":[],"meta":{}},{"ancestorTitles":["errorHandler","Unknown error handling"],"fullName":"errorHandler Unknown error handling should handle undefined errors","status":"passed","title":"should handle undefined errors","duration":0.1027000000000271,"failureMessages":[],"meta":{}},{"ancestorTitles":["errorHandler","Other DomainErrors"],"fullName":"errorHandler Other DomainErrors should handle BookingNotFoundError","status":"passed","title":"should handle BookingNotFoundError","duration":0.46809999999999263,"failureMessages":[],"meta":{}},{"ancestorTitles":["errorHandler","Other DomainErrors"],"fullName":"errorHandler Other DomainErrors should handle ValueError","status":"passed","title":"should handle ValueError","duration":0.223700000000008,"failureMessages":[],"meta":{}},{"ancestorTitles":["errorHandler","Logging"],"fullName":"errorHandler Logging should log errors to console","status":"passed","title":"should log errors to console","duration":0.2219000000000051,"failureMessages":[],"meta":{}},{"ancestorTitles":["errorHandler","Logging"],"fullName":"errorHandler Logging should log DomainError","status":"passed","title":"should log DomainError","duration":0.152499999999975,"failureMessages":[],"meta":{}},{"ancestorTitles":["errorHandler","Response format"],"fullName":"errorHandler Response format should always include success: false","status":"passed","title":"should always include success: false","duration":0.44299999999998363,"failureMessages":[],"meta":{}},{"ancestorTitles":["errorHandler","Response format"],"fullName":"errorHandler Response format should always include error property","status":"passed","title":"should always include error property","duration":0.23120000000000118,"failureMessages":[],"meta":{}},{"ancestorTitles":["errorHandler","Edge cases"],"fullName":"errorHandler Edge cases should handle errors with very long messages","status":"passed","title":"should handle errors with very long messages","duration":0.14240000000000919,"failureMessages":[],"meta":{}},{"ancestorTitles":["errorHandler","Edge cases"],"fullName":"errorHandler Edge cases should handle errors with special characters","status":"passed","title":"should handle errors with special characters","duration":0.19119999999998072,"failureMessages":[],"meta":{}},{"ancestorTitles":["errorHandler","Edge cases"],"fullName":"errorHandler Edge cases should handle errors with unicode","status":"passed","title":"should handle errors with unicode","duration":0.1301000000000272,"failureMessages":[],"meta":{}}],"startTime":1768665723878,"endTime":1768665723886.1912,"status":"passed","message":"","name":"D:/REPOSITORY/Project/BookingApp/apps/backend/src/middleware/__tests__/error.middleware.test.ts"},{"assertionResults":[{"ancestorTitles":["Booking Entity","Creation"],"fullName":"Booking Entity Creation should create booking with PENDING status by default","status":"passed","title":"should create booking with PENDING status by default","duration":3.6263999999999896,"failureMessages":[],"meta":{}},{"ancestorTitles":["Booking Entity","Creation"],"fullName":"Booking Entity Creation should create booking with custom status","status":"passed","title":"should create booking with custom status","duration":0.24650000000002592,"failureMessages":[],"meta":{}},{"ancestorTitles":["Booking Entity","Creation"],"fullName":"Booking Entity Creation should generate UUID if not provided","status":"passed","title":"should generate UUID if not provided","duration":0.33169999999995525,"failureMessages":[],"meta":{}},{"ancestorTitles":["Booking Entity","Validation"],"fullName":"Booking Entity Validation should throw error if endDate is before startDate","status":"passed","title":"should throw error if endDate is before startDate","duration":1.2346999999999753,"failureMessages":[],"meta":{}},{"ancestorTitles":["Booking Entity","Validation"],"fullName":"Booking Entity Validation should throw error if endDate equals startDate","status":"passed","title":"should throw error if endDate equals startDate","duration":0.18909999999999627,"failureMessages":[],"meta":{}},{"ancestorTitles":["Booking Entity","Validation"],"fullName":"Booking Entity Validation should throw error if totalGuests is less than 1","status":"passed","title":"should throw error if totalGuests is less than 1","duration":0.33899999999999864,"failureMessages":[],"meta":{}},{"ancestorTitles":["Booking Entity","Validation"],"fullName":"Booking Entity Validation should throw error if totalGuests exceeds maximum","status":"passed","title":"should throw error if totalGuests exceeds maximum","duration":0.3450000000000273,"failureMessages":[],"meta":{}},{"ancestorTitles":["Booking Entity","Validation"],"fullName":"Booking Entity Validation should accept valid totalGuests range","status":"passed","title":"should accept valid totalGuests range","duration":0.43990000000002283,"failureMessages":[],"meta":{}},{"ancestorTitles":["Booking Entity","Status transitions"],"fullName":"Booking Entity Status transitions should confirm PENDING booking","status":"passed","title":"should confirm PENDING booking","duration":0.4666000000000281,"failureMessages":[],"meta":{}},{"ancestorTitles":["Booking Entity","Status transitions"],"fullName":"Booking Entity Status transitions should not confirm non-PENDING booking","status":"passed","title":"should not confirm non-PENDING booking","duration":0.30309999999997217,"failureMessages":[],"meta":{}},{"ancestorTitles":["Booking Entity","Status transitions"],"fullName":"Booking Entity Status transitions should cancel PENDING booking","status":"passed","title":"should cancel PENDING booking","duration":0.16160000000002128,"failureMessages":[],"meta":{}},{"ancestorTitles":["Booking Entity","Status transitions"],"fullName":"Booking Entity Status transitions should cancel CONFIRMED booking","status":"passed","title":"should cancel CONFIRMED booking","duration":0.15559999999999263,"failureMessages":[],"meta":{}},{"ancestorTitles":["Booking Entity","Status transitions"],"fullName":"Booking Entity Status transitions should not cancel COMPLETED booking","status":"passed","title":"should not cancel COMPLETED booking","duration":0.27609999999998536,"failureMessages":[],"meta":{}},{"ancestorTitles":["Booking Entity","Status transitions"],"fullName":"Booking Entity Status transitions should check-in CONFIRMED booking","status":"passed","title":"should check-in CONFIRMED booking","duration":0.11599999999998545,"failureMessages":[],"meta":{}},{"ancestorTitles":["Booking Entity","Status transitions"],"fullName":"Booking Entity Status transitions should not check-in PENDING booking","status":"passed","title":"should not check-in PENDING booking","duration":0.2515000000000214,"failureMessages":[],"meta":{}},{"ancestorTitles":["Booking Entity","Status transitions"],"fullName":"Booking Entity Status transitions should not check-in CANCELLED booking","status":"passed","title":"should not check-in CANCELLED booking","duration":0.14119999999996935,"failureMessages":[],"meta":{}},{"ancestorTitles":["Booking Entity","Status transitions"],"fullName":"Booking Entity Status transitions should check-out COMPLETED booking","status":"passed","title":"should check-out COMPLETED booking","duration":0.25970000000000937,"failureMessages":[],"meta":{}},{"ancestorTitles":["Booking Entity","Status transitions"],"fullName":"Booking Entity Status transitions should not check-out non-COMPLETED booking","status":"passed","title":"should not check-out non-COMPLETED booking","duration":0.31349999999997635,"failureMessages":[],"meta":{}},{"ancestorTitles":["Booking Entity","Computed properties"],"fullName":"Booking Entity Computed properties should calculate days correctly","status":"passed","title":"should calculate days correctly","duration":0.1600999999999999,"failureMessages":[],"meta":{}},{"ancestorTitles":["Booking Entity","Computed properties"],"fullName":"Booking Entity Computed properties should calculate partial days as full day","status":"passed","title":"should calculate partial days as full day","duration":0.7024000000000115,"failureMessages":[],"meta":{}},{"ancestorTitles":["Booking Entity","Query methods"],"fullName":"Booking Entity Query methods should return true for PENDING booking","status":"passed","title":"should return true for PENDING booking","duration":0.268100000000004,"failureMessages":[],"meta":{}},{"ancestorTitles":["Booking Entity","Query methods"],"fullName":"Booking Entity Query methods should return true for CONFIRMED booking","status":"passed","title":"should return true for CONFIRMED booking","duration":0.23429999999996198,"failureMessages":[],"meta":{}},{"ancestorTitles":["Booking Entity","Query methods"],"fullName":"Booking Entity Query methods should return true for CANCELLED booking","status":"passed","title":"should return true for CANCELLED booking","duration":0.198599999999999,"failureMessages":[],"meta":{}},{"ancestorTitles":["Booking Entity","Query methods"],"fullName":"Booking Entity Query methods should return true for COMPLETED booking","status":"passed","title":"should return true for COMPLETED booking","duration":0.16770000000002483,"failureMessages":[],"meta":{}},{"ancestorTitles":["Booking Entity","Query methods"],"fullName":"Booking Entity Query methods should check if booking can be cancelled","status":"passed","title":"should check if booking can be cancelled","duration":0.20330000000001291,"failureMessages":[],"meta":{}},{"ancestorTitles":["Booking Entity","Query methods"],"fullName":"Booking Entity Query methods should check if booking is active","status":"passed","title":"should check if booking is active","duration":0.2477999999999838,"failureMessages":[],"meta":{}},{"ancestorTitles":["Booking Entity","toJSON"],"fullName":"Booking Entity toJSON should serialize booking correctly","status":"passed","title":"should serialize booking correctly","duration":0.9030999999999949,"failureMessages":[],"meta":{}}],"startTime":1768665723977,"endTime":1768665723989.903,"status":"passed","message":"","name":"D:/REPOSITORY/Project/BookingApp/packages/shared/src/entities/__tests__/booking.entity.test.ts"},{"assertionResults":[{"ancestorTitles":["Property Entity","Creation"],"fullName":"Property Entity Creation should create property with valid data","status":"passed","title":"should create property with valid data","duration":4.141799999999989,"failureMessages":[],"meta":{}},{"ancestorTitles":["Property Entity","Creation"],"fullName":"Property Entity Creation should generate UUID if not provided","status":"passed","title":"should generate UUID if not provided","duration":0.34190000000000964,"failureMessages":[],"meta":{}},{"ancestorTitles":["Property Entity","Creation"],"fullName":"Property Entity Creation should use provided id","status":"passed","title":"should use provided id","duration":0.15230000000008204,"failureMessages":[],"meta":{}},{"ancestorTitles":["Property Entity","Creation"],"fullName":"Property Entity Creation should default to AVAILABLE status","status":"passed","title":"should default to AVAILABLE status","duration":0.17190000000005057,"failureMessages":[],"meta":{}},{"ancestorTitles":["Property Entity","Creation"],"fullName":"Property Entity Creation should accept custom status","status":"passed","title":"should accept custom status","duration":0.18629999999996016,"failureMessages":[],"meta":{}},{"ancestorTitles":["Property Entity","Creation"],"fullName":"Property Entity Creation should handle null imageUrl","status":"passed","title":"should handle null imageUrl","duration":0.19590000000005148,"failureMessages":[],"meta":{}},{"ancestorTitles":["Property Entity","Creation"],"fullName":"Property Entity Creation should handle undefined imageUrl (defaults to null)","status":"passed","title":"should handle undefined imageUrl (defaults to null)","duration":0.134900000000016,"failureMessages":[],"meta":{}},{"ancestorTitles":["Property Entity","Creation"],"fullName":"Property Entity Creation should handle provided imageUrl","status":"passed","title":"should handle provided imageUrl","duration":0.12969999999995707,"failureMessages":[],"meta":{}},{"ancestorTitles":["Property Entity","Title validation"],"fullName":"Property Entity Title validation should throw error if title is too short (< 3 chars)","status":"passed","title":"should throw error if title is too short (< 3 chars)","duration":0.41840000000001965,"failureMessages":[],"meta":{}},{"ancestorTitles":["Property Entity","Title validation"],"fullName":"Property Entity Title validation should throw error if title is too short (2 chars)","status":"passed","title":"should throw error if title is too short (2 chars)","duration":1.0162999999998874,"failureMessages":[],"meta":{}},{"ancestorTitles":["Property Entity","Title validation"],"fullName":"Property Entity Title validation should accept title with exactly 3 characters","status":"passed","title":"should accept title with exactly 3 characters","duration":0.2563999999999851,"failureMessages":[],"meta":{}},{"ancestorTitles":["Property Entity","Title validation"],"fullName":"Property Entity Title validation should throw error if title is too long (> 200 chars)","status":"passed","title":"should throw error if title is too long (> 200 chars)","duration":0.19870000000003074,"failureMessages":[],"meta":{}},{"ancestorTitles":["Property Entity","Title validation"],"fullName":"Property Entity Title validation should accept title with exactly 200 characters","status":"passed","title":"should accept title with exactly 200 characters","duration":0.22220000000004347,"failureMessages":[],"meta":{}},{"ancestorTitles":["Property Entity","Title validation"],"fullName":"Property Entity Title validation should trim whitespace from title","status":"passed","title":"should trim whitespace from title","duration":0.1413000000000011,"failureMessages":[],"meta":{}},{"ancestorTitles":["Property Entity","Description validation"],"fullName":"Property Entity Description validation should throw error if description is too short (< 10 chars)","status":"passed","title":"should throw error if description is too short (< 10 chars)","duration":0.17230000000006385,"failureMessages":[],"meta":{}},{"ancestorTitles":["Property Entity","Description validation"],"fullName":"Property Entity Description validation should throw error if description is too short (9 chars)","status":"passed","title":"should throw error if description is too short (9 chars)","duration":0.2298000000000684,"failureMessages":[],"meta":{}},{"ancestorTitles":["Property Entity","Description validation"],"fullName":"Property Entity Description validation should accept description with exactly 10 characters","status":"passed","title":"should accept description with exactly 10 characters","duration":0.21739999999999782,"failureMessages":[],"meta":{}},{"ancestorTitles":["Property Entity","Description validation"],"fullName":"Property Entity Description validation should throw error if description is too long (> 5000 chars)","status":"passed","title":"should throw error if description is too long (> 5000 chars)","duration":0.17689999999993233,"failureMessages":[],"meta":{}},{"ancestorTitles":["Property Entity","Description validation"],"fullName":"Property Entity Description validation should accept description with exactly 5000 characters","status":"passed","title":"should accept description with exactly 5000 characters","duration":0.21310000000005402,"failureMessages":[],"meta":{}},{"ancestorTitles":["Property Entity","Description validation"],"fullName":"Property Entity Description validation should trim whitespace from description","status":"passed","title":"should trim whitespace from description","duration":0.14220000000000255,"failureMessages":[],"meta":{}},{"ancestorTitles":["Property Entity","Update methods"],"fullName":"Property Entity Update methods should update title","status":"passed","title":"should update title","duration":0.47109999999997854,"failureMessages":[],"meta":{}},{"ancestorTitles":["Property Entity","Update methods"],"fullName":"Property Entity Update methods should validate title on update","status":"passed","title":"should validate title on update","duration":0.1815000000000282,"failureMessages":[],"meta":{}},{"ancestorTitles":["Property Entity","Update methods"],"fullName":"Property Entity Update methods should update description","status":"passed","title":"should update description","duration":0.15009999999995216,"failureMessages":[],"meta":{}},{"ancestorTitles":["Property Entity","Update methods"],"fullName":"Property Entity Update methods should validate description on update","status":"passed","title":"should validate description on update","duration":0.17810000000008586,"failureMessages":[],"meta":{}},{"ancestorTitles":["Property Entity","Update methods"],"fullName":"Property Entity Update methods should update address","status":"passed","title":"should update address","duration":0.8120999999999867,"failureMessages":[],"meta":{}},{"ancestorTitles":["Property Entity","Update methods"],"fullName":"Property Entity Update methods should update price","status":"passed","title":"should update price","duration":0.25079999999991287,"failureMessages":[],"meta":{}},{"ancestorTitles":["Property Entity","Update methods"],"fullName":"Property Entity Update methods should update imageUrl","status":"passed","title":"should update imageUrl","duration":0.15269999999998163,"failureMessages":[],"meta":{}},{"ancestorTitles":["Property Entity","Update methods"],"fullName":"Property Entity Update methods should update imageUrl to null","status":"passed","title":"should update imageUrl to null","duration":0.12789999999995416,"failureMessages":[],"meta":{}},{"ancestorTitles":["Property Entity","Status methods"],"fullName":"Property Entity Status methods should mark as available","status":"passed","title":"should mark as available","duration":0.2119000000000142,"failureMessages":[],"meta":{}},{"ancestorTitles":["Property Entity","Status methods"],"fullName":"Property Entity Status methods should mark as rented","status":"passed","title":"should mark as rented","duration":0.18709999999998672,"failureMessages":[],"meta":{}},{"ancestorTitles":["Property Entity","Status methods"],"fullName":"Property Entity Status methods should mark as maintenance","status":"passed","title":"should mark as maintenance","duration":0.18459999999993215,"failureMessages":[],"meta":{}},{"ancestorTitles":["Property Entity","Status methods"],"fullName":"Property Entity Status methods should mark as inactive","status":"passed","title":"should mark as inactive","duration":0.18470000000002074,"failureMessages":[],"meta":{}},{"ancestorTitles":["Property Entity","Getters"],"fullName":"Property Entity Getters should return title","status":"passed","title":"should return title","duration":0.13369999999997617,"failureMessages":[],"meta":{}},{"ancestorTitles":["Property Entity","Getters"],"fullName":"Property Entity Getters should return description","status":"passed","title":"should return description","duration":0.13440000000002783,"failureMessages":[],"meta":{}},{"ancestorTitles":["Property Entity","Getters"],"fullName":"Property Entity Getters should return address","status":"passed","title":"should return address","duration":0.13150000000007367,"failureMessages":[],"meta":{}},{"ancestorTitles":["Property Entity","Getters"],"fullName":"Property Entity Getters should return price","status":"passed","title":"should return price","duration":0.16589999999996508,"failureMessages":[],"meta":{}},{"ancestorTitles":["Property Entity","toJSON"],"fullName":"Property Entity toJSON should serialize property correctly","status":"passed","title":"should serialize property correctly","duration":0.4642999999999802,"failureMessages":[],"meta":{}},{"ancestorTitles":["Property Entity","toJSON"],"fullName":"Property Entity toJSON should serialize property with null imageUrl","status":"passed","title":"should serialize property with null imageUrl","duration":0.16430000000002565,"failureMessages":[],"meta":{}},{"ancestorTitles":["Property Entity","Edge cases"],"fullName":"Property Entity Edge cases should handle title with only spaces after trim","status":"passed","title":"should handle title with only spaces after trim","duration":0.19590000000005148,"failureMessages":[],"meta":{}},{"ancestorTitles":["Property Entity","Edge cases"],"fullName":"Property Entity Edge cases should handle description with only spaces after trim","status":"passed","title":"should handle description with only spaces after trim","duration":0.181699999999978,"failureMessages":[],"meta":{}}],"startTime":1768665723977,"endTime":1768665723992.1958,"status":"passed","message":"","name":"D:/REPOSITORY/Project/BookingApp/packages/shared/src/entities/__tests__/property.entity.test.ts"},{"assertionResults":[{"ancestorTitles":["User Entity","Creation"],"fullName":"User Entity Creation should create user with all required fields","status":"passed","title":"should create user with all required fields","duration":1.4343999999999824,"failureMessages":[],"meta":{}},{"ancestorTitles":["User Entity","Creation"],"fullName":"User Entity Creation should create admin user","status":"passed","title":"should create admin user","duration":0.10509999999999309,"failureMessages":[],"meta":{}},{"ancestorTitles":["User Entity","toJSON"],"fullName":"User Entity toJSON should serialize user without password","status":"passed","title":"should serialize user without password","duration":0.5689999999999884,"failureMessages":[],"meta":{}},{"ancestorTitles":["User Entity","toJSON"],"fullName":"User Entity toJSON should include all fields except password","status":"passed","title":"should include all fields except password","duration":0.1372000000000071,"failureMessages":[],"meta":{}},{"ancestorTitles":["User Entity","Role checking"],"fullName":"User Entity Role checking should have USER role value","status":"passed","title":"should have USER role value","duration":0.06619999999998072,"failureMessages":[],"meta":{}},{"ancestorTitles":["User Entity","Role checking"],"fullName":"User Entity Role checking should have ADMIN role value","status":"passed","title":"should have ADMIN role value","duration":0.0519000000000176,"failureMessages":[],"meta":{}},{"ancestorTitles":["User Entity","Immutability"],"fullName":"User Entity Immutability should have readonly properties at compile time","status":"passed","title":"should have readonly properties at compile time","duration":0.06870000000000687,"failureMessages":[],"meta":{}},{"ancestorTitles":["User Entity","Edge cases"],"fullName":"User Entity Edge cases should handle empty strings","status":"passed","title":"should handle empty strings","duration":0.09470000000001733,"failureMessages":[],"meta":{}},{"ancestorTitles":["User Entity","Edge cases"],"fullName":"User Entity Edge cases should handle special characters in email","status":"passed","title":"should handle special characters in email","duration":0.1379000000000019,"failureMessages":[],"meta":{}},{"ancestorTitles":["User Entity","Edge cases"],"fullName":"User Entity Edge cases should handle very long names","status":"passed","title":"should handle very long names","duration":0.1022000000000105,"failureMessages":[],"meta":{}}],"startTime":1768665724954,"endTime":1768665724957.138,"status":"passed","message":"","name":"D:/REPOSITORY/Project/BookingApp/packages/shared/src/entities/__tests__/user.entity.test.ts"},{"assertionResults":[{"ancestorTitles":["Address Value Object","Creation"],"fullName":"Address Value Object Creation should create address with valid input","status":"passed","title":"should create address with valid input","duration":1.434299999999979,"failureMessages":[],"meta":{}},{"ancestorTitles":["Address Value Object","Creation"],"fullName":"Address Value Object Creation should trim whitespace from address","status":"passed","title":"should trim whitespace from address","duration":0.18899999999996453,"failureMessages":[],"meta":{}},{"ancestorTitles":["Address Value Object","Creation"],"fullName":"Address Value Object Creation should throw error if address is empty","status":"passed","title":"should throw error if address is empty","duration":0.28489999999999327,"failureMessages":[],"meta":{}},{"ancestorTitles":["Address Value Object","Creation"],"fullName":"Address Value Object Creation should throw error if address is only whitespace","status":"passed","title":"should throw error if address is only whitespace","duration":0.7644000000000233,"failureMessages":[],"meta":{}},{"ancestorTitles":["Address Value Object","Creation"],"fullName":"Address Value Object Creation should throw error if address is too short (< 5 chars)","status":"passed","title":"should throw error if address is too short (< 5 chars)","duration":0.14339999999998554,"failureMessages":[],"meta":{}},{"ancestorTitles":["Address Value Object","Creation"],"fullName":"Address Value Object Creation should throw error with specific message for short address","status":"passed","title":"should throw error with specific message for short address","duration":0.16960000000000264,"failureMessages":[],"meta":{}},{"ancestorTitles":["Address Value Object","Creation"],"fullName":"Address Value Object Creation should accept address with exactly 5 characters","status":"passed","title":"should accept address with exactly 5 characters","duration":0.18989999999996598,"failureMessages":[],"meta":{}},{"ancestorTitles":["Address Value Object","Creation"],"fullName":"Address Value Object Creation should throw error if address is too long (> 500 chars)","status":"passed","title":"should throw error if address is too long (> 500 chars)","duration":0.12370000000004211,"failureMessages":[],"meta":{}},{"ancestorTitles":["Address Value Object","Creation"],"fullName":"Address Value Object Creation should throw error with specific message for long address","status":"passed","title":"should throw error with specific message for long address","duration":0.2155999999999949,"failureMessages":[],"meta":{}},{"ancestorTitles":["Address Value Object","Creation"],"fullName":"Address Value Object Creation should accept address with exactly 500 characters","status":"passed","title":"should accept address with exactly 500 characters","duration":0.14080000000001291,"failureMessages":[],"meta":{}},{"ancestorTitles":["Address Value Object","equals"],"fullName":"Address Value Object equals should return true for equal addresses","status":"passed","title":"should return true for equal addresses","duration":0.14030000000002474,"failureMessages":[],"meta":{}},{"ancestorTitles":["Address Value Object","equals"],"fullName":"Address Value Object equals should return false for different addresses","status":"passed","title":"should return false for different addresses","duration":0.08000000000004093,"failureMessages":[],"meta":{}},{"ancestorTitles":["Address Value Object","equals"],"fullName":"Address Value Object equals should return false for addresses with different casing","status":"passed","title":"should return false for addresses with different casing","duration":0.1097000000000321,"failureMessages":[],"meta":{}},{"ancestorTitles":["Address Value Object","toString"],"fullName":"Address Value Object toString should return address value","status":"passed","title":"should return address value","duration":0.10170000000005075,"failureMessages":[],"meta":{}},{"ancestorTitles":["Address Value Object","toString"],"fullName":"Address Value Object toString should return trimmed value","status":"passed","title":"should return trimmed value","duration":0.06090000000000373,"failureMessages":[],"meta":{}},{"ancestorTitles":["Address Value Object","Edge cases"],"fullName":"Address Value Object Edge cases should handle special characters","status":"passed","title":"should handle special characters","duration":0.07429999999999382,"failureMessages":[],"meta":{}},{"ancestorTitles":["Address Value Object","Edge cases"],"fullName":"Address Value Object Edge cases should handle newlines and tabs","status":"passed","title":"should handle newlines and tabs","duration":0.07890000000003283,"failureMessages":[],"meta":{}},{"ancestorTitles":["Address Value Object","Edge cases"],"fullName":"Address Value Object Edge cases should handle unicode characters","status":"passed","title":"should handle unicode characters","duration":0.09210000000001628,"failureMessages":[],"meta":{}},{"ancestorTitles":["Address Value Object","Edge cases"],"fullName":"Address Value Object Edge cases should handle emojis","status":"passed","title":"should handle emojis","duration":0.08019999999999072,"failureMessages":[],"meta":{}}],"startTime":1768665724721,"endTime":1768665724726.092,"status":"passed","message":"","name":"D:/REPOSITORY/Project/BookingApp/packages/shared/src/value-objects/__tests__/address.vo.test.ts"},{"assertionResults":[{"ancestorTitles":["Price Value Object","Creation"],"fullName":"Price Value Object Creation should create price with valid positive number","status":"passed","title":"should create price with valid positive number","duration":1.474899999999991,"failureMessages":[],"meta":{}},{"ancestorTitles":["Price Value Object","Creation"],"fullName":"Price Value Object Creation should create price with zero","status":"passed","title":"should create price with zero","duration":0.17349999999999,"failureMessages":[],"meta":{}},{"ancestorTitles":["Price Value Object","Creation"],"fullName":"Price Value Object Creation should throw error for negative price","status":"passed","title":"should throw error for negative price","duration":0.41379999999998063,"failureMessages":[],"meta":{}},{"ancestorTitles":["Price Value Object","Creation"],"fullName":"Price Value Object Creation should throw error with specific message for negative price","status":"passed","title":"should throw error with specific message for negative price","duration":0.8472000000000435,"failureMessages":[],"meta":{}},{"ancestorTitles":["Price Value Object","Creation"],"fullName":"Price Value Object Creation should throw error for infinity","status":"passed","title":"should throw error for infinity","duration":0.1712999999999738,"failureMessages":[],"meta":{}},{"ancestorTitles":["Price Value Object","Creation"],"fullName":"Price Value Object Creation should throw error with specific message for infinity","status":"passed","title":"should throw error with specific message for infinity","duration":0.21199999999998909,"failureMessages":[],"meta":{}},{"ancestorTitles":["Price Value Object","Creation"],"fullName":"Price Value Object Creation should throw error for negative infinity","status":"passed","title":"should throw error for negative infinity","duration":0.133199999999988,"failureMessages":[],"meta":{}},{"ancestorTitles":["Price Value Object","Creation"],"fullName":"Price Value Object Creation should throw error for NaN","status":"passed","title":"should throw error for NaN","duration":0.13369999999997617,"failureMessages":[],"meta":{}},{"ancestorTitles":["Price Value Object","Creation"],"fullName":"Price Value Object Creation should throw error with specific message for NaN","status":"passed","title":"should throw error with specific message for NaN","duration":0.2469000000000392,"failureMessages":[],"meta":{}},{"ancestorTitles":["Price Value Object","Creation"],"fullName":"Price Value Object Creation should throw error for price exceeding maximum","status":"passed","title":"should throw error for price exceeding maximum","duration":0.15370000000001482,"failureMessages":[],"meta":{}},{"ancestorTitles":["Price Value Object","Creation"],"fullName":"Price Value Object Creation should throw error with specific message for maximum exceeded","status":"passed","title":"should throw error with specific message for maximum exceeded","duration":0.22690000000000055,"failureMessages":[],"meta":{}},{"ancestorTitles":["Price Value Object","Creation"],"fullName":"Price Value Object Creation should accept price at maximum limit","status":"passed","title":"should accept price at maximum limit","duration":0.35960000000000036,"failureMessages":[],"meta":{}},{"ancestorTitles":["Price Value Object","Creation"],"fullName":"Price Value Object Creation should accept decimal prices","status":"passed","title":"should accept decimal prices","duration":0.14749999999997954,"failureMessages":[],"meta":{}},{"ancestorTitles":["Price Value Object","Creation"],"fullName":"Price Value Object Creation should accept very small decimals","status":"passed","title":"should accept very small decimals","duration":0.15780000000000882,"failureMessages":[],"meta":{}},{"ancestorTitles":["Price Value Object","equals"],"fullName":"Price Value Object equals should return true for equal prices","status":"passed","title":"should return true for equal prices","duration":0.10660000000001446,"failureMessages":[],"meta":{}},{"ancestorTitles":["Price Value Object","equals"],"fullName":"Price Value Object equals should return false for different prices","status":"passed","title":"should return false for different prices","duration":0.15850000000000364,"failureMessages":[],"meta":{}},{"ancestorTitles":["Price Value Object","equals"],"fullName":"Price Value Object equals should return true for same decimal prices","status":"passed","title":"should return true for same decimal prices","duration":0.11469999999997071,"failureMessages":[],"meta":{}},{"ancestorTitles":["Price Value Object","equals"],"fullName":"Price Value Object equals should return false for slightly different decimal prices","status":"passed","title":"should return false for slightly different decimal prices","duration":0.12470000000001846,"failureMessages":[],"meta":{}},{"ancestorTitles":["Price Value Object","toNumber"],"fullName":"Price Value Object toNumber should return numeric value","status":"passed","title":"should return numeric value","duration":0.17580000000003793,"failureMessages":[],"meta":{}},{"ancestorTitles":["Price Value Object","toNumber"],"fullName":"Price Value Object toNumber should return zero for zero price","status":"passed","title":"should return zero for zero price","duration":0.11360000000001946,"failureMessages":[],"meta":{}},{"ancestorTitles":["Price Value Object","toNumber"],"fullName":"Price Value Object toNumber should return decimal value","status":"passed","title":"should return decimal value","duration":0.0927000000000362,"failureMessages":[],"meta":{}},{"ancestorTitles":["Price Value Object","multiply"],"fullName":"Price Value Object multiply should multiply price by number of nights","status":"passed","title":"should multiply price by number of nights","duration":0.21820000000002437,"failureMessages":[],"meta":{}},{"ancestorTitles":["Price Value Object","multiply"],"fullName":"Price Value Object multiply should handle multiplication by 1","status":"passed","title":"should handle multiplication by 1","duration":0.09050000000002001,"failureMessages":[],"meta":{}},{"ancestorTitles":["Price Value Object","multiply"],"fullName":"Price Value Object multiply should handle multiplication by 0","status":"passed","title":"should handle multiplication by 0","duration":0.06920000000002346,"failureMessages":[],"meta":{}},{"ancestorTitles":["Price Value Object","multiply"],"fullName":"Price Value Object multiply should handle decimal multiplication","status":"passed","title":"should handle decimal multiplication","duration":0.07110000000000127,"failureMessages":[],"meta":{}},{"ancestorTitles":["Price Value Object","multiply"],"fullName":"Price Value Object multiply should handle large multiplication","status":"passed","title":"should handle large multiplication","duration":0.07210000000003447,"failureMessages":[],"meta":{}},{"ancestorTitles":["Price Value Object","multiply"],"fullName":"Price Value Object multiply should not modify original price","status":"passed","title":"should not modify original price","duration":0.054700000000025284,"failureMessages":[],"meta":{}},{"ancestorTitles":["Price Value Object","multiply"],"fullName":"Price Value Object multiply should throw error for negative multiplication","status":"passed","title":"should throw error for negative multiplication","duration":1.045000000000016,"failureMessages":[],"meta":{}},{"ancestorTitles":["Price Value Object","multiply"],"fullName":"Price Value Object multiply should throw error for infinity multiplication","status":"passed","title":"should throw error for infinity multiplication","duration":0.20729999999997517,"failureMessages":[],"meta":{}},{"ancestorTitles":["Price Value Object","Edge cases"],"fullName":"Price Value Object Edge cases should handle very small decimal prices","status":"passed","title":"should handle very small decimal prices","duration":0.14339999999998554,"failureMessages":[],"meta":{}},{"ancestorTitles":["Price Value Object","Edge cases"],"fullName":"Price Value Object Edge cases should handle prices with many decimal places","status":"passed","title":"should handle prices with many decimal places","duration":0.08659999999997581,"failureMessages":[],"meta":{}},{"ancestorTitles":["Price Value Object","Edge cases"],"fullName":"Price Value Object Edge cases should handle multiplication resulting in decimal","status":"passed","title":"should handle multiplication resulting in decimal","duration":0.1279999999999859,"failureMessages":[],"meta":{}},{"ancestorTitles":["Price Value Object","Edge cases"],"fullName":"Price Value Object Edge cases should handle multiplication resulting in very small decimal","status":"passed","title":"should handle multiplication resulting in very small decimal","duration":0.06980000000004338,"failureMessages":[],"meta":{}},{"ancestorTitles":["Price Value Object","Practical scenarios"],"fullName":"Price Value Object Practical scenarios should calculate total for 1 night stay","status":"passed","title":"should calculate total for 1 night stay","duration":0.07929999999998927,"failureMessages":[],"meta":{}},{"ancestorTitles":["Price Value Object","Practical scenarios"],"fullName":"Price Value Object Practical scenarios should calculate total for 7 nights stay","status":"passed","title":"should calculate total for 7 nights stay","duration":0.06709999999998217,"failureMessages":[],"meta":{}},{"ancestorTitles":["Price Value Object","Practical scenarios"],"fullName":"Price Value Object Practical scenarios should calculate total for 30 nights stay","status":"passed","title":"should calculate total for 30 nights stay","duration":0.04789999999997008,"failureMessages":[],"meta":{}},{"ancestorTitles":["Price Value Object","Practical scenarios"],"fullName":"Price Value Object Practical scenarios should handle weekend rates (2 nights)","status":"passed","title":"should handle weekend rates (2 nights)","duration":0.04590000000001737,"failureMessages":[],"meta":{}},{"ancestorTitles":["Price Value Object","Practical scenarios"],"fullName":"Price Value Object Practical scenarios should handle weekly rate (7 nights) with decimal","status":"passed","title":"should handle weekly rate (7 nights) with decimal","duration":0.04810000000003356,"failureMessages":[],"meta":{}}],"startTime":1768665724687,"endTime":1768665724696.2073,"status":"passed","message":"","name":"D:/REPOSITORY/Project/BookingApp/packages/shared/src/value-objects/__tests__/price.vo.test.ts"},{"assertionResults":[{"ancestorTitles":["JWT Service Utilities","generateRandomToken"],"fullName":"JWT Service Utilities generateRandomToken should generate a random token","status":"passed","title":"should generate a random token","duration":1.5174000000000092,"failureMessages":[],"meta":{}},{"ancestorTitles":["JWT Service Utilities","generateRandomToken"],"fullName":"JWT Service Utilities generateRandomToken should generate tokens with consistent length","status":"passed","title":"should generate tokens with consistent length","duration":0.2721000000000231,"failureMessages":[],"meta":{}},{"ancestorTitles":["JWT Service Utilities","generateRandomToken"],"fullName":"JWT Service Utilities generateRandomToken should generate unique tokens","status":"passed","title":"should generate unique tokens","duration":1.0255000000000223,"failureMessages":[],"meta":{}},{"ancestorTitles":["JWT Service Utilities","generateRandomToken"],"fullName":"JWT Service Utilities generateRandomToken should generate valid hex strings","status":"passed","title":"should generate valid hex strings","duration":0.29539999999997235,"failureMessages":[],"meta":{}},{"ancestorTitles":["JWT Service Utilities","generateRandomToken"],"fullName":"JWT Service Utilities generateRandomToken should generate different tokens on multiple calls","status":"passed","title":"should generate different tokens on multiple calls","duration":0.6893000000000029,"failureMessages":[],"meta":{}},{"ancestorTitles":["JWT Service Utilities","hashToken"],"fullName":"JWT Service Utilities hashToken should hash a token","status":"passed","title":"should hash a token","duration":0.6589999999999918,"failureMessages":[],"meta":{}},{"ancestorTitles":["JWT Service Utilities","hashToken"],"fullName":"JWT Service Utilities hashToken should generate consistent hashes for same input","status":"passed","title":"should generate consistent hashes for same input","duration":0.19389999999998508,"failureMessages":[],"meta":{}},{"ancestorTitles":["JWT Service Utilities","hashToken"],"fullName":"JWT Service Utilities hashToken should generate different hashes for different inputs","status":"passed","title":"should generate different hashes for different inputs","duration":0.14870000000001937,"failureMessages":[],"meta":{}},{"ancestorTitles":["JWT Service Utilities","hashToken"],"fullName":"JWT Service Utilities hashToken should produce SHA-256 hash length","status":"passed","title":"should produce SHA-256 hash length","duration":0.14690000000001646,"failureMessages":[],"meta":{}},{"ancestorTitles":["JWT Service Utilities","hashToken"],"fullName":"JWT Service Utilities hashToken should generate valid hex strings","status":"passed","title":"should generate valid hex strings","duration":0.16100000000000136,"failureMessages":[],"meta":{}},{"ancestorTitles":["JWT Service Utilities","hashToken"],"fullName":"JWT Service Utilities hashToken should handle empty string","status":"passed","title":"should handle empty string","duration":0.17509999999998627,"failureMessages":[],"meta":{}},{"ancestorTitles":["JWT Service Utilities","hashToken"],"fullName":"JWT Service Utilities hashToken should handle special characters","status":"passed","title":"should handle special characters","duration":0.21179999999998245,"failureMessages":[],"meta":{}},{"ancestorTitles":["JWT Service Utilities","hashToken"],"fullName":"JWT Service Utilities hashToken should handle very long tokens","status":"passed","title":"should handle very long tokens","duration":0.21409999999997353,"failureMessages":[],"meta":{}},{"ancestorTitles":["JWT Service Utilities","hashToken"],"fullName":"JWT Service Utilities hashToken should handle unicode characters","status":"passed","title":"should handle unicode characters","duration":0.25569999999999027,"failureMessages":[],"meta":{}},{"ancestorTitles":["JWT Service Utilities","Token hash properties"],"fullName":"JWT Service Utilities Token hash properties should be deterministic","status":"passed","title":"should be deterministic","duration":0.2758999999999787,"failureMessages":[],"meta":{}},{"ancestorTitles":["JWT Service Utilities","Token hash properties"],"fullName":"JWT Service Utilities Token hash properties should produce different hash than original token","status":"passed","title":"should produce different hash than original token","duration":0.2037000000000262,"failureMessages":[],"meta":{}},{"ancestorTitles":["JWT Service Utilities","Token hash properties"],"fullName":"JWT Service Utilities Token hash properties should handle random tokens","status":"passed","title":"should handle random tokens","duration":0.19700000000000273,"failureMessages":[],"meta":{}},{"ancestorTitles":["JWT Service Utilities","Edge cases"],"fullName":"JWT Service Utilities Edge cases should handle null-like input","status":"passed","title":"should handle null-like input","duration":0.2928999999999746,"failureMessages":[],"meta":{}},{"ancestorTitles":["JWT Service Utilities","Edge cases"],"fullName":"JWT Service Utilities Edge cases should handle whitespace","status":"passed","title":"should handle whitespace","duration":0.3684000000000083,"failureMessages":[],"meta":{}},{"ancestorTitles":["JWT Service Utilities","Security properties"],"fullName":"JWT Service Utilities Security properties should not reveal original token","status":"passed","title":"should not reveal original token","duration":1.6014999999999873,"failureMessages":[],"meta":{}},{"ancestorTitles":["JWT Service Utilities","Security properties"],"fullName":"JWT Service Utilities Security properties should have avalanche effect - small input change causes big hash change","status":"passed","title":"should have avalanche effect - small input change causes big hash change","duration":0.23739999999997963,"failureMessages":[],"meta":{}}],"startTime":1768665723978,"endTime":1768665723988.6016,"status":"passed","message":"","name":"D:/REPOSITORY/Project/BookingApp/packages/shared/src/jwt/__tests__/jwt.service.test.ts"},{"assertionResults":[{"ancestorTitles":["GetMeUseCase","execute"],"fullName":"GetMeUseCase execute should return user when found by ID","status":"passed","title":"should return user when found by ID","duration":4.134799999999984,"failureMessages":[],"meta":{}},{"ancestorTitles":["GetMeUseCase","execute"],"fullName":"GetMeUseCase execute should throw error when user not found","status":"passed","title":"should throw error when user not found","duration":1.9431999999999903,"failureMessages":[],"meta":{}},{"ancestorTitles":["GetMeUseCase","execute"],"fullName":"GetMeUseCase execute should pass userId exactly as provided","status":"passed","title":"should pass userId exactly as provided","duration":0.394299999999987,"failureMessages":[],"meta":{}},{"ancestorTitles":["GetMeUseCase","execute"],"fullName":"GetMeUseCase execute should handle repository errors","status":"passed","title":"should handle repository errors","duration":0.3906000000000063,"failureMessages":[],"meta":{}},{"ancestorTitles":["GetMeUseCase","execute","User data integrity"],"fullName":"GetMeUseCase execute User data integrity should return complete user object","status":"passed","title":"should return complete user object","duration":0.36590000000001055,"failureMessages":[],"meta":{}},{"ancestorTitles":["GetMeUseCase","execute","User data integrity"],"fullName":"GetMeUseCase execute User data integrity should return admin user with correct role","status":"passed","title":"should return admin user with correct role","duration":0.18810000000001992,"failureMessages":[],"meta":{}},{"ancestorTitles":["GetMeUseCase","execute","Edge cases"],"fullName":"GetMeUseCase execute Edge cases should handle empty string userId","status":"passed","title":"should handle empty string userId","duration":0.5609999999999786,"failureMessages":[],"meta":{}},{"ancestorTitles":["GetMeUseCase","execute","Edge cases"],"fullName":"GetMeUseCase execute Edge cases should handle special characters in userId","status":"passed","title":"should handle special characters in userId","duration":0.3131000000000199,"failureMessages":[],"meta":{}},{"ancestorTitles":["GetMeUseCase","execute","Edge cases"],"fullName":"GetMeUseCase execute Edge cases should handle very long userId","status":"passed","title":"should handle very long userId","duration":0.303600000
[...]
"loc":{"start":{"line":13,"column":60},"end":{"line":13,"column":98}},"line":13},"1":{"name":"(anonymous_1)","decl":{"start":{"line":16,"column":58},"end":{"line":16,"column":59}},"loc":{"start":{"line":16,"column":72},"end":{"line":16,"column":104}},"line":16},"2":{"name":"(anonymous_2)","decl":{"start":{"line":17,"column":47},"end":{"line":17,"column":48}},"loc":{"start":{"line":17,"column":61},"end":{"line":17,"column":96}},"line":17},"3":{"name":"(anonymous_3)","decl":{"start":{"line":18,"column":45},"end":{"line":18,"column":46}},"loc":{"start":{"line":18,"column":59},"end":{"line":18,"column":93}},"line":18},"4":{"name":"(anonymous_4)","decl":{"start":{"line":19,"column":47},"end":{"line":19,"column":48}},"loc":{"start":{"line":19,"column":61},"end":{"line":19,"column":95}},"line":19},"5":{"name":"(anonymous_5)","decl":{"start":{"line":20,"column":50},"end":{"line":20,"column":51}},"loc":{"start":{"line":20,"column":64},"end":{"line":20,"column":98}},"line":20},"6":{"name":"(anonymous_6)","decl":{"start":{"line":23,"column":55},"end":{"line":23,"column":56}},"loc":{"start":{"line":23,"column":69},"end":{"line":23,"column":103}},"line":23},"7":{"name":"(anonymous_7)","decl":{"start":{"line":24,"column":56},"end":{"line":24,"column":57}},"loc":{"start":{"line":24,"column":70},"end":{"line":24,"column":105}},"line":24},"8":{"name":"(anonymous_8)","decl":{"start":{"line":25,"column":57},"end":{"line":25,"column":58}},"loc":{"start":{"line":25,"column":71},"end":{"line":25,"column":106}},"line":25},"9":{"name":"(anonymous_9)","decl":{"start":{"line":26,"column":58},"end":{"line":26,"column":59}},"loc":{"start":{"line":26,"column":72},"end":{"line":26,"column":108}},"line":26}},"branchMap":{},"s":{"0":0,"1":0,"2":0,"3":0,"4":0,"5":0,"6":0,"7":0,"8":0,"9":0,"10":0,"11":0,"12":0,"13":0,"14":0,"15":0,"16":0,"17":0,"18":0,"19":0,"20":0,"21":0,"22":0},"f":{"0":0,"1":0,"2":0,"3":0,"4":0,"5":0,"6":0,"7":0,"8":0,"9":0},"b":{},"meta":{"lastBranch":0,"lastFunction":10,"lastStatement":23,"seen":{"s:6:6:6:Infinity":0,"s:7:19:7:Infinity":1,"s:8:19:8:Infinity":2,"s:13:0:13:Infinity":3,"f:13:46:13:47":0,"s:13:60:13:98":4,"s:16:0:16:Infinity":5,"f:16:58:16:59":1,"s:16:72:16:104":6,"s:17:0:17:Infinity":7,"f:17:47:17:48":2,"s:17:61:17:96":8,"s:18:0:18:Infinity":9,"f:18:45:18:46":3,"s:18:59:18:93":10,"s:19:0:19:Infinity":11,"f:19:47:19:48":4,"s:19:61:19:95":12,"s:20:0:20:Infinity":13,"f:20:50:20:51":5,"s:20:64:20:98":14,"s:23:0:23:Infinity":15,"f:23:55:23:56":6,"s:23:69:23:103":16,"s:24:0:24:Infinity":17,"f:24:56:24:57":7,"s:24:70:24:105":18,"s:25:0:25:Infinity":19,"f:25:57:25:58":8,"s:25:71:25:106":20,"s:26:0:26:Infinity":21,"f:26:58:26:59":9,"s:26:72:26:108":22}}},"D:\\REPOSITORY\\Project\\BookingApp\\apps\\backend\\src\\shared\\middleware\\logger.middleware.ts":{"path":"D:\\REPOSITORY\\Project\\BookingApp\\apps\\backend\\src\\shared\\middleware\\logger.middleware.ts","statementMap":{"0":{"start":{"line":5,"column":19},"end":{"line":5,"column":null}},"1":{"start":{"line":8,"column":16},"end":{"line":8,"column":null}},"2":{"start":{"line":10,"column":38},"end":{"line":10,"column":null}},"3":{"start":{"line":11,"column":20},"end":{"line":11,"column":null}},"4":{"start":{"line":13,"column":2},"end":{"line":36,"column":null}},"5":{"start":{"line":14,"column":21},"end":{"line":14,"column":null}},"6":{"start":{"line":15,"column":27},"end":{"line":15,"column":null}},"7":{"start":{"line":17,"column":45},"end":{"line":24,"column":null}},"8":{"start":{"line":27,"column":29},"end":{"line":27,"column":null}},"9":{"start":{"line":28,"column":4},"end":{"line":30,"column":null}},"10":{"start":{"line":29,"column":6},"end":{"line":29,"column":null}},"11":{"start":{"line":31,"column":4},"end":{"line":33,"column":null}},"12":{"start":{"line":32,"column":6},"end":{"line":32,"column":null}},"13":{"start":{"line":35,"column":4},"end":{"line":35,"column":null}},"14":{"start":{"line":38,"column":2},"end":{"line":38,"column":null}}},"fnMap":{"0":{"name":"logger","decl":{"start":{"line":7,"column":16},"end":{"line":7,"column":23}},"loc":{"start":{"line":7,"column":78},"end":{"line":39,"column":null}},"line":7},"1":{"name":"(anonymous_1)","decl":{"start":{"line":13,"column":19},"end":{"line":13,"column":25}},"loc":{"start":{"line":13,"column":25},"end":{"line":36,"column":3}},"line":13}},"branchMap":{"0":{"loc":{"start":{"line":11,"column":20},"end":{"line":11,"column":null}},"type":"binary-expr","locations":[{"start":{"line":11,"column":20},"end":{"line":11,"column":45}},{"start":{"line":11,"column":45},"end":{"line":11,"column":null}}],"line":11},"1":{"loc":{"start":{"line":28,"column":4},"end":{"line":30,"column":null}},"type":"if","locations":[{"start":{"line":28,"column":4},"end":{"line":30,"column":null}},{"start":{},"end":{}}],"line":28},"2":{"loc":{"start":{"line":31,"column":4},"end":{"line":33,"column":null}},"type":"if","locations":[{"start":{"line":31,"column":4},"end":{"line":33,"column":null}},{"start":{},"end":{}}],"line":31}},"s":{"0":0,"1":0,"2":0,"3":0,"4":0,"5":0,"6":0,"7":0,"8":0,"9":0,"10":0,"11":0,"12":0,"13":0,"14":0},"f":{"0":0,"1":0},"b":{"0":[0,0],"1":[0,0],"2":[0,0]},"meta":{"lastBranch":3,"lastFunction":2,"lastStatement":15,"seen":{"s:5:19:5:Infinity":0,"f:7:16:7:23":0,"s:8:16:8:Infinity":1,"s:10:38:10:Infinity":2,"s:11:20:11:Infinity":3,"b:11:20:11:45:11:45:11:Infinity":0,"s:13:2:36:Infinity":4,"f:13:19:13:25":1,"s:14:21:14:Infinity":5,"s:15:27:15:Infinity":6,"s:17:45:24:Infinity":7,"s:27:29:27:Infinity":8,"b:28:4:30:Infinity:undefined:undefined:undefined:undefined":1,"s:28:4:30:Infinity":9,"s:29:6:29:Infinity":10,"b:31:4:33:Infinity:undefined:undefined:undefined:undefined":2,"s:31:4:33:Infinity":11,"s:32:6:32:Infinity":12,"s:35:4:35:Infinity":13,"s:38:2:38:Infinity":14}}},"D:\\REPOSITORY\\Project\\BookingApp\\apps\\backend\\src\\modules\\auth\\interfaces\\auth.routes.ts":{"path":"D:\\REPOSITORY\\Project\\BookingApp\\apps\\backend\\src\\modules\\auth\\interfaces\\auth.routes.ts","statementMap":{"0":{"start":{"line":8,"column":19},"end":{"line":8,"column":null}},"1":{"start":{"line":11,"column":8},"end":{"line":11,"column":null}},"2":{"start":{"line":13,"column":2},"end":{"line":13,"column":null}},"3":{"start":{"line":13,"column":67},"end":{"line":13,"column":96}},"4":{"start":{"line":14,"column":2},"end":{"line":14,"column":null}},"5":{"start":{"line":14,"column":61},"end":{"line":14,"column":87}},"6":{"start":{"line":15,"column":2},"end":{"line":15,"column":null}},"7":{"start":{"line":15,"column":65},"end":{"line":15,"column":93}},"8":{"start":{"line":18,"column":2},"end":{"line":18,"column":null}},"9":{"start":{"line":18,"column":62},"end":{"line":18,"column":88}},"10":{"start":{"line":20,"column":2},"end":{"line":20,"column":null}}},"fnMap":{"0":{"name":"makeAuthRoutes","decl":{"start":{"line":10,"column":16},"end":{"line":10,"column":31}},"loc":{"start":{"line":10,"column":67},"end":{"line":21,"column":null}},"line":10},"1":{"name":"(anonymous_1)","decl":{"start":{"line":13,"column":53},"end":{"line":13,"column":54}},"loc":{"start":{"line":13,"column":67},"end":{"line":13,"column":96}},"line":13},"2":{"name":"(anonymous_2)","decl":{"start":{"line":14,"column":47},"end":{"line":14,"column":48}},"loc":{"start":{"line":14,"column":61},"end":{"line":14,"column":87}},"line":14},"3":{"name":"(anonymous_3)","decl":{"start":{"line":15,"column":51},"end":{"line":15,"column":52}},"loc":{"start":{"line":15,"column":65},"end":{"line":15,"column":93}},"line":15},"4":{"name":"(anonymous_4)","decl":{"start":{"line":18,"column":48},"end":{"line":18,"column":49}},"loc":{"start":{"line":18,"column":62},"end":{"line":18,"column":88}},"line":18}},"branchMap":{},"s":{"0":0,"1":0,"2":0,"3":0,"4":0,"5":0,"6":0,"7":0,"8":0,"9":0,"10":0},"f":{"0":0,"1":0,"2":0,"3":0,"4":0},"b":{},"meta":{"lastBranch":0,"lastFunction":5,"lastStatement":11,"seen":{"s:8:19:8:Infinity":0,"f:10:16:10:31":0,"s:11:8:11:Infinity":1,"s:13:2:13:Infinity":2,"f:13:53:13:54":1,"s:13:67:13:96":3,"s:14:2:14:Infinity":4,"f:14:47:14:48":2,"s:14:61:14:87":5,"s:15:2:15:Infinity":6,"f:15:51:15:52":3,"s:15:65:15:93":7,"s:18:2:18:Infinity":8,"f:18:48:18:49":4,"s:18:62:18:88":9,"s:20:2:20:Infinity":10}}},"D:\\REPOSITORY\\Project\\BookingApp\\apps\\backend\\src\\modules\\auth\\application\\create-refresh-token.use-case.ts":{"path":"D:\\REPOSITORY\\Project\\BookingApp\\apps\\backend\\src\\modules\\auth\\application\\create-refresh-token.use-case.ts","statementMap":{"0":{"start":{"line":3,"column":19},"end":{"line":3,"column":null}},"1":{"start":{"line":7,"column":21},"end":{"line":7,"column":null}},"2":{"start":{"line":8,"column":21},"end":{"line":8,"column":null}},"3":{"start":{"line":12,"column":4},"end":{"line":12,"column":null}},"4":{"start":{"line":14,"column":23},"end":{"line":14,"column":null}},"5":{"start":{"line":15,"column":24},"end":{"line":15,"column":null}},"6":{"start":{"line":17,"column":22},"end":{"line":17,"column":null}},"7":{"start":{"line":18,"column":4},"end":{"line":18,"column":null}},"8":{"start":{"line":20,"column":4},"end":{"line":24,"column":null}},"9":{"start":{"line":26,"column":4},"end":{"line":26,"column":null}},"10":{"start":{"line":27,"column":4},"end":{"line":27,"column":null}}},"fnMap":{"0":{"name":"(anonymous_0)","decl":{"start":{"line":6,"column":2},"end":{"line":6,"column":null}},"loc":{"start":{"line":9,"column":4},"end":{"line":9,"column":null}},"line":9},"1":{"name":"(anonymous_1)","decl":{"start":{"line":11,"column":8},"end":{"line":11,"column":16}},"loc":{"start":{"line":11,"column":49},"end":{"line":28,"column":null}},"line":11}},"branchMap":{},"s":{"0":0,"1":0,"2":0,"3":0,"4":0,"5":0,"6":0,"7":0,"8":0,"9":0,"10":0},"f":{"0":0,"1":0},"b":{},"meta":{"lastBranch":0,"lastFunction":2,"lastStatement":11,"seen":{"s:3:19:3:Infinity":0,"f:6:2:6:Infinity":0,"s:7:21:7:Infinity":1,"s:8:21:8:Infinity":2,"f:11:8:11:16":1,"s:12:4:12:Infinity":3,"s:14:23:14:Infinity":4,"s:15:24:15:Infinity":5,"s:17:22:17:Infinity":6,"s:18:4:18:Infinity":7,"s:20:4:24:Infinity":8,"s:26:4:26:Infinity":9,"s:27:4:27:Infinity":10}}},"D:\\REPOSITORY\\Project\\BookingApp\\apps\\backend\\src\\shared\\middleware\\auth.middleware.ts":{"path":"D:\\REPOSITORY\\Project\\BookingApp\\apps\\backend\\src\\shared\\middleware\\auth.middleware.ts","statementMap":{"0":{"start":{"line":6,"column":2},"end":{"line":28,"column":null}},"1":{"start":{"line":7,"column":23},"end":{"line":7,"column":null}},"2":{"start":{"line":9,"column":4},"end":{"line":12,"column":null}},"3":{"start":{"line":10,"column":6},"end":{"line":10,"column":null}},"4":{"start":{"line":11,"column":6},"end":{"line":11,"column":null}},"5":{"start":{"line":14,"column":18},"end":{"line":14,"column":null}},"6":{"start":{"line":16,"column":20},"end":{"line":16,"column":null}},"7":{"start":{"line":18,"column":4},"end":{"line":21,"column":null}},"8":{"start":{"line":19,"column":6},"end":{"line":19,"column":null}},"9":{"start":{"line":20,"column":6},"end":{"line":20,"column":null}},"10":{"start":{"line":23,"column":5},"end":{"line":23,"column":null}},"11":{"start":{"line":24,"column":5},"end":{"line":24,"column":null}},"12":{"start":{"line":25,"column":5},"end":{"line":25,"column":null}},"13":{"start":{"line":27,"column":4},"end":{"line":27,"column":null}},"14":{"start":{"line":32,"column":2},"end":{"line":35,"column":null}},"15":{"start":{"line":33,"column":4},"end":{"line":33,"column":null}},"16":{"start":{"line":34,"column":4},"end":{"line":34,"column":null}},"17":{"start":{"line":36,"column":2},"end":{"line":36,"column":null}},"18":{"start":{"line":44,"column":2},"end":{"line":61,"column":null}},"19":{"start":{"line":45,"column":22},"end":{"line":45,"column":null}},"20":{"start":{"line":47,"column":4},"end":{"line":50,"column":null}},"21":{"start":{"line":48,"column":6},"end":{"line":48,"column":null}},"22":{"start":{"line":49,"column":6},"end":{"line":49,"column":null}},"23":{"start":{"line":52,"column":4},"end":{"line":58,"column":null}},"24":{"start":{"line":53,"column":6},"end":{"line":56,"column":null}},"25":{"start":{"line":57,"column":6},"end":{"line":57,"column":null}},"26":{"start":{"line":60,"column":4},"end":{"line":60,"column":null}},"27":{"start":{"line":68,"column":2},"end":{"line":68,"column":null}},"28":{"start":{"line":76,"column":2},"end":{"line":113,"column":null}},"29":{"start":{"line":77,"column":20},"end":{"line":77,"column":null}},"30":{"start":{"line":78,"column":22},"end":{"line":78,"column":null}},"31":{"start":{"line":79,"column":23},"end":{"line":79,"column":null}},"32":{"start":{"line":81,"column":4},"end":{"line":84,"column":null}},"33":{"start":{"line":82,"column":6},"end":{"line":82,"column":null}},"34":{"start":{"line":83,"column":6},"end":{"line":83,"column":null}},"35":{"start":{"line":86,"column":4},"end":{"line":89,"column":null}},"36":{"start":{"line":87,"column":6},"end":{"line":87,"column":null}},"37":{"start":{"line":88,"column":6},"end":{"line":88,"column":null}},"38":{"start":{"line":92,"column":4},"end":{"line":95,"column":null}},"39":{"start":{"line":93,"column":6},"end":{"line":93,"column":null}},"40":{"start":{"line":94,"column":6},"end":{"line":94,"column":null}},"41":{"start":{"line":98,"column":21},"end":{"line":98,"column":null}},"42":{"start":{"line":99,"column":4},"end":{"line":102,"column":null}},"43":{"start":{"line":100,"column":6},"end":{"line":100,"column":null}},"44":{"start":{"line":101,"column":6},"end":{"line":101,"column":null}},"45":{"start":{"line":104,"column":4},"end":{"line":110,"column":null}},"46":{"start":{"line":105,"column":6},"end":{"line":108,"column":null}},"47":{"start":{"line":109,"column":6},"end":{"line":109,"column":null}},"48":{"start":{"line":112,"column":4},"end":{"line":112,"column":null}}},"fnMap":{"0":{"name":"authMiddleware","decl":{"start":{"line":5,"column":16},"end":{"line":5,"column":31}},"loc":{"start":{"line":5,"column":55},"end":{"line":29,"column":null}},"line":5},"1":{"name":"(anonymous_1)","decl":{"start":{"line":6,"column":9},"end":{"line":6,"column":10}},"loc":{"start":{"line":6,"column":68},"end":{"line":28,"column":null}},"line":6},"2":{"name":"requireAuth","decl":{"start":{"line":31,"column":16},"end":{"line":31,"column":28}},"loc":{"start":{"line":31,"column":83},"end":{"line":37,"column":null}},"line":31},"3":{"name":"requireRole","decl":{"start":{"line":43,"column":16},"end":{"line":43,"column":31}},"loc":{"start":{"line":43,"column":57},"end":{"line":62,"column":null}},"line":43},"4":{"name":"(anonymous_4)","decl":{"start":{"line":44,"column":9},"end":{"line":44,"column":10}},"loc":{"start":{"line":44,"column":68},"end":{"line":61,"column":null}},"line":44},"5":{"name":"requireAdmin","decl":{"start":{"line":67,"column":16},"end":{"line":67,"column":29}},"loc":{"start":{"line":67,"column":84},"end":{"line":69,"column":null}},"line":67},"6":{"name":"requirePropertyOwnerOrAdmin","decl":{"start":{"line":75,"column":16},"end":{"line":75,"column":44}},"loc":{"start":{"line":75,"column":85},"end":{"line":114,"column":null}},"line":75},"7":{"name":"(anonymous_7)","decl":{"start":{"line":76,"column":9},"end":{"line":76,"column":16}},"loc":{"start":{"line":76,"column":83},"end":{"line":113,"column":null}},"line":76}},"branchMap":{"0":{"loc":{"start":{"line":9,"column":4},"end":{"line":12,"column":null}},"type":"if","locations":[{"start":{"line":9,"column":4},"end":{"line":12,"column":null}},{"start":{},"end":{}}],"line":9},"1":{"loc":{"start":{"line":9,"column":8},"end":{"line":9,"column":58}},"type":"binary-expr","locations":[{"start":{"line":9,"column":8},"end":{"line":9,"column":23}},{"start":{"line":9,"column":23},"end":{"line":9,"column":58}}],"line":9},"2":{"loc":{"start":{"line":18,"column":4},"end":{"line":21,"column":null}},"type":"if","locations":[{"start":{"line":18,"column":4},"end":{"line":21,"column":null}},{"start":{},"end":{}}],"line":18},"3":{"loc":{"start":{"line":32,"column":2},"end":{"line":35,"column":null}},"type":"if","locations":[{"start":{"line":32,"column":2},"end":{"line":35,"column":null}},{"start":{},"end":{}}],"line":32},"4":{"loc":{"start":{"line":47,"column":4},"end":{"line":50,"column":null}},"type":"if","locations":[{"start":{"line":47,"column":4},"end":{"line":50,"column":null}},{"start":{},"end":{}}],"line":47},"5":{"loc":{"start":{"line":52,"column":4},"end":{"line":58,"column":null}},"type":"if","locations":[{"start":{"line":52,"column":4},"end":{"line":58,"column":null}},{"start":{},"end":{}}],"line":52},"6":{"loc":{"start":{"line":81,"column":4},"end":{"line":84,"column":null}},"type":"if","locations":[{"start":{"line":81,"column":4},"end":{"line":84,"column":null}},{"start":{},"end":{}}],"line":81},"7":{"loc":{"start":{"line":86,"column":4},"end":{"line":89,"column":null}},"type":"if","locations":[{"start":{"line":86,"column":4},"end":{"line":89,"column":null}},{"start":{},"end":{}}],"line":86},"8":{"loc":{"start":{"line":92,"column":4},"end":{"line":95,"column":null}},"type":"if","locations":[{"start":{"line":92,"column":4},"end":{"line":95,"column":null}},{"start":{},"end":{}}],"line":92},"9":{"loc":{"start":{"line":99,"column":4},"end":{"line":102,"column":null}},"type":"if","locations":[{"start":{"line":99,"column":4},"end":{"line":102,"column":null}},{"start":{},"end":{}}],"line":99},"10":{"loc":{"start":{"line":104,"column":4},"end":{"line":110,"column":null}},"type":"if","locations":[{"start":{"line":104,"column":4},"end":{"line":110,"column":null}},{"start":{},"end":{}}],"line":104}},"s":{"0":0,"1":0,"2":0,"3":0,"4":0,"5":0,"6":0,"7":0,"8":0,"9":0,"10":0,"11":0,"12":0,"13":0,"14":0,"15":0,"16":0,"17":0,"18":0,"19":0,"20":0,"21":0,"22":0,"23":0,"24":0,"25":0,"26":0,"27":0,"28":0,"29":0,"30":0,"31":0,"32":0,"33":0,"34":0,"35":0,"36":0,"37":0,"38":0,"39":0,"40":0,"41":0,"42":0,"43":0,"44":0,"45":0,"46":0,"47":0,"48":0},"f":{"0":0,"1":0,"2":0,"3":0,"4":0,"5":0,"6":0,"7":0},"b":{"0":[0,0],"1":[0,0],"2":[0,0],"3":[0,0],"4":[0,0],"5":[0,0],"6":[0,0],"7":[0,0],"8":[0,0],"9":[0,0],"10":[0,0]},"meta":{"lastBranch":11,"lastFunction":8,"lastStatement":49,"seen":{"f:5:16:5:31":0,"s:6:2:28:Infinity":0,"f:6:9:6:10":1,"s:7:23:7:Infinity":1,"b:9:4:12:Infinity:undefined:undefined:undefined:undefined":0,"s:9:4:12:Infinity":2,"b:9:8:9:23:9:23:9:58":1,"s:10:6:10:Infinity":3,"s:11:6:11:Infinity":4,"s:14:18:14:Infinity":5,"s:16:20:16:Infinity":6,"b:18:4:21:Infinity:undefined:undefined:undefined:undefined":2,"s:18:4:21:Infinity":7,"s:19:6:19:Infinity":8,"s:20:6:20:Infinity":9,"s:23:5:23:Infinity":10,"s:24:5:24:Infinity":11,"s:25:5:25:Infinity":12,"s:27:4:27:Infinity":13,"f:31:16:31:28":2,"b:32:2:35:Infinity:undefined:undefined:undefined:undefined":3,"s:32:2:35:Infinity":14,"s:33:4:33:Infinity":15,"s:34:4:34:Infinity":16,"s:36:2:36:Infinity":17,"f:43:16:43:31":3,"s:44:2:61:Infinity":18,"f:44:9:44:10":4,"s:45:22:45:Infinity":19,"b:47:4:50:Infinity:undefined:undefined:undefined:undefined":4,"s:47:4:50:Infinity":20,"s:48:6:48:Infinity":21,"s:49:6:49:Infinity":22,"b:52:4:58:Infinity:undefined:undefined:undefined:undefined":5,"s:52:4:58:Infinity":23,"s:53:6:56:Infinity":24,"s:57:6:57:Infinity":25,"s:60:4:60:Infinity":26,"f:67:16:67:29":5,"s:68:2:68:Infinity":27,"f:75:16:75:44":6,"s:76:2:113:Infinity":28,"f:76:9:76:16":7,"s:77:20:77:Infinity":29,"s:78:22:78:Infinity":30,"s:79:23:79:Infinity":31,"b:81:4:84:Infinity:undefined:undefined:undefined:undefined":6,"s:81:4:84:Infinity":32,"s:82:6:82:Infinity":33,"s:83:6:83:Infinity":34,"b:86:4:89:Infinity:undefined:undefined:undefined:undefined":7,"s:86:4:89:Infinity":35,"s:87:6:87:Infinity":36,"s:88:6:88:Infinity":37,"b:92:4:95:Infinity:undefined:undefined:undefined:undefined":8,"s:92:4:95:Infinity":38,"s:93:6:93:Infinity":39,"s:94:6:94:Infinity":40,"s:98:21:98:Infinity":41,"b:99:4:102:Infinity:undefined:undefined:undefined:undefined":9,"s:99:4:102:Infinity":42,"s:100:6:100:Infinity":43,"s:101:6:101:Infinity":44,"b:104:4:110:Infinity:undefined:undefined:undefined:undefined":10,"s:104:4:110:Infinity":45,"s:105:6:108:Infinity":46,"s:109:6:109:Infinity":47,"s:112:4:112:Infinity":48}}}}}