{"numTotalTestSuites":143,"numPassedTestSuites":143,"numFailedTestSuites":0,"numPendingTestSuites":0,"numTotalTests":370,"numPassedTests":370,"numFailedTests":0,"numPendingTests":0,"numTodoTests":0,"snapshot":{"added":0,"failure":false,"filesAdded":0,"filesRemoved":0,"filesRemovedList":[],"filesUnmatched":0,"filesUpdated":0,"matched":0,"total":0,"unchecked":0,"uncheckedKeysByFile":[],"unmatched":0,"updated":0,"didUpdate":false},"startTime":1768473273722,"success":true,"testResults":[{"assertionResults":[{"ancestorTitles":["booking.dto","BookingStatus"],"fullName":"booking.dto BookingStatus should have PENDING status","status":"passed","title":"should have PENDING status","duration":2.0446000000000026,"failureMessages":[],"meta":{}},{"ancestorTitles":["booking.dto","BookingStatus"],"fullName":"booking.dto BookingStatus should have CONFIRMED status","status":"passed","title":"should have CONFIRMED status","duration":0.2533999999999992,"failureMessages":[],"meta":{}},{"ancestorTitles":["booking.dto","BookingStatus"],"fullName":"booking.dto BookingStatus should have COMPLETED status","status":"passed","title":"should have COMPLETED status","duration":0.15540000000004284,"failureMessages":[],"meta":{}},{"ancestorTitles":["booking.dto","BookingStatus"],"fullName":"booking.dto BookingStatus should have CANCELLED status","status":"passed","title":"should have CANCELLED status","duration":0.23169999999998936,"failureMessages":[],"meta":{}},{"ancestorTitles":["booking.dto","BookingStatus"],"fullName":"booking.dto BookingStatus should have all 4 statuses","status":"passed","title":"should have all 4 statuses","duration":1.9221999999999753,"failureMessages":[],"meta":{}},{"ancestorTitles":["booking.dto","PaymentStatus"],"fullName":"booking.dto PaymentStatus should have PENDING status","status":"passed","title":"should have PENDING status","duration":0.25629999999995334,"failureMessages":[],"meta":{}},{"ancestorTitles":["booking.dto","PaymentStatus"],"fullName":"booking.dto PaymentStatus should have COMPLETED status","status":"passed","title":"should have COMPLETED status","duration":0.14440000000001874,"failureMessages":[],"meta":{}},{"ancestorTitles":["booking.dto","PaymentStatus"],"fullName":"booking.dto PaymentStatus should have FAILED status","status":"passed","title":"should have FAILED status","duration":0.13929999999999154,"failureMessages":[],"meta":{}},{"ancestorTitles":["booking.dto","PaymentStatus"],"fullName":"booking.dto PaymentStatus should have REFUNDED status","status":"passed","title":"should have REFUNDED status","duration":0.194500000000005,"failureMessages":[],"meta":{}},{"ancestorTitles":["booking.dto","PaymentStatus"],"fullName":"booking.dto PaymentStatus should have all 4 statuses","status":"passed","title":"should have all 4 statuses","duration":1.27860000000004,"failureMessages":[],"meta":{}},{"ancestorTitles":["booking.dto","CreateBookingDto"],"fullName":"booking.dto CreateBookingDto should accept valid booking data with all required fields","status":"passed","title":"should accept valid booking data with all required fields","duration":0.5945999999999572,"failureMessages":[],"meta":{}},{"ancestorTitles":["booking.dto","CreateBookingDto"],"fullName":"booking.dto CreateBookingDto should have correct types for all fields","status":"passed","title":"should have correct types for all fields","duration":0.685100000000034,"failureMessages":[],"meta":{}},{"ancestorTitles":["booking.dto","UpdateBookingDto"],"fullName":"booking.dto UpdateBookingDto should accept empty update object","status":"passed","title":"should accept empty update object","duration":0.4692000000000007,"failureMessages":[],"meta":{}},{"ancestorTitles":["booking.dto","UpdateBookingDto"],"fullName":"booking.dto UpdateBookingDto should accept update with totalGuests only","status":"passed","title":"should accept update with totalGuests only","duration":0.17180000000001883,"failureMessages":[],"meta":{}},{"ancestorTitles":["booking.dto","BookingResponseDto"],"fullName":"booking.dto BookingResponseDto should accept valid booking response with all required fields","status":"passed","title":"should accept valid booking response with all required fields","duration":0.3772000000000162,"failureMessages":[],"meta":{}},{"ancestorTitles":["booking.dto","BookingResponseDto"],"fullName":"booking.dto BookingResponseDto should have id field","status":"passed","title":"should have id field","duration":0.23019999999996799,"failureMessages":[],"meta":{}},{"ancestorTitles":["booking.dto","BookingResponseDto"],"fullName":"booking.dto BookingResponseDto should have status field","status":"passed","title":"should have status field","duration":0.22830000000004702,"failureMessages":[],"meta":{}},{"ancestorTitles":["booking.dto","BookingResponseDto"],"fullName":"booking.dto BookingResponseDto should have createdAt and updatedAt fields","status":"passed","title":"should have createdAt and updatedAt fields","duration":0.18999999999999773,"failureMessages":[],"meta":{}},{"ancestorTitles":["booking.dto","BookingResponseDto"],"fullName":"booking.dto BookingResponseDto should accept optional days field","status":"passed","title":"should accept optional days field","duration":0.14660000000003492,"failureMessages":[],"meta":{}},{"ancestorTitles":["booking.dto","BookingResponseDto"],"fullName":"booking.dto BookingResponseDto should accept optional property field","status":"passed","title":"should accept optional property field","duration":0.5960000000000036,"failureMessages":[],"meta":{}},{"ancestorTitles":["booking.dto","BookingResponseDto"],"fullName":"booking.dto BookingResponseDto should accept optional user field","status":"passed","title":"should accept optional user field","duration":0.6696999999999775,"failureMessages":[],"meta":{}},{"ancestorTitles":["booking.dto","BookingResponseDto"],"fullName":"booking.dto BookingResponseDto should accept response with both property and user","status":"passed","title":"should accept response with both property and user","duration":0.2640999999999849,"failureMessages":[],"meta":{}},{"ancestorTitles":["booking.dto","BookingListResponseDto"],"fullName":"booking.dto BookingListResponseDto should accept empty booking list","status":"passed","title":"should accept empty booking list","duration":0.5736999999999739,"failureMessages":[],"meta":{}},{"ancestorTitles":["booking.dto","BookingListResponseDto"],"fullName":"booking.dto BookingListResponseDto should accept list with multiple bookings","status":"passed","title":"should accept list with multiple bookings","duration":1.4191999999999894,"failureMessages":[],"meta":{}},{"ancestorTitles":["booking.dto","BookingListResponseDto"],"fullName":"booking.dto BookingListResponseDto should have bookings array","status":"passed","title":"should have bookings array","duration":0.1874000000000251,"failureMessages":[],"meta":{}},{"ancestorTitles":["booking.dto","BookingListResponseDto"],"fullName":"booking.dto BookingListResponseDto should have total count","status":"passed","title":"should have total count","duration":0.1915000000000191,"failureMessages":[],"meta":{}},{"ancestorTitles":["booking.dto","BookingCalendarDto"],"fullName":"booking.dto BookingCalendarDto should accept available calendar entry","status":"passed","title":"should accept available calendar entry","duration":0.15280000000001337,"failureMessages":[],"meta":{}},{"ancestorTitles":["booking.dto","BookingCalendarDto"],"fullName":"booking.dto BookingCalendarDto should accept unavailable calendar entry with bookingId","status":"passed","title":"should accept unavailable calendar entry with bookingId","duration":0.15030000000001564,"failureMessages":[],"meta":{}},{"ancestorTitles":["booking.dto","BookingCalendarDto"],"fullName":"booking.dto BookingCalendarDto should accept calendar entry with price","status":"passed","title":"should accept calendar entry with price","duration":0.272199999999998,"failureMessages":[],"meta":{}},{"ancestorTitles":["booking.dto","BookingCalendarDto"],"fullName":"booking.dto BookingCalendarDto should accept calendar entry with all optional fields","status":"passed","title":"should accept calendar entry with all optional fields","duration":0.18900000000002137,"failureMessages":[],"meta":{}},{"ancestorTitles":["booking.dto","BookingAvailabilityDto"],"fullName":"booking.dto BookingAvailabilityDto should accept availability with empty calendar","status":"passed","title":"should accept availability with empty calendar","duration":0.2693999999999619,"failureMessages":[],"meta":{}},{"ancestorTitles":["booking.dto","BookingAvailabilityDto"],"fullName":"booking.dto BookingAvailabilityDto should accept availability with calendar entries","status":"passed","title":"should accept availability with calendar entries","duration":0.3620999999999981,"failureMessages":[],"meta":{}},{"ancestorTitles":["booking.dto","BookingAvailabilityDto"],"fullName":"booking.dto BookingAvailabilityDto should have propertyId field","status":"passed","title":"should have propertyId field","duration":0.14579999999995152,"failureMessages":[],"meta":{}},{"ancestorTitles":["booking.dto","BookingAvailabilityDto"],"fullName":"booking.dto BookingAvailabilityDto should have startDate and endDate as Date","status":"passed","title":"should have startDate and endDate as Date","duration":0.17300000000000182,"failureMessages":[],"meta":{}},{"ancestorTitles":["booking.dto","BookingAvailabilityDto"],"fullName":"booking.dto BookingAvailabilityDto should have calendar array","status":"passed","title":"should have calendar array","duration":0.12860000000000582,"failureMessages":[],"meta":{}}],"startTime":1768473275373,"endTime":1768473275390.1287,"status":"passed","message":"","name":"D:/REPOSITORY/Project/BookingApp/packages/dto/src/__tests__/booking.dto.test.ts"},{"assertionResults":[{"ancestorTitles":["property.dto","CreatePropertyDto"],"fullName":"property.dto CreatePropertyDto should accept valid property data with all required fields","status":"passed","title":"should accept valid property data with all required fields","duration":1.564799999999991,"failureMessages":[],"meta":{}},{"ancestorTitles":["property.dto","CreatePropertyDto"],"fullName":"property.dto CreatePropertyDto should accept property data with imageUrl","status":"passed","title":"should accept property data with imageUrl","duration":0.1733000000000402,"failureMessages":[],"meta":{}},{"ancestorTitles":["property.dto","CreatePropertyDto"],"fullName":"property.dto CreatePropertyDto should accept property data with null imageUrl","status":"passed","title":"should accept property data with null imageUrl","duration":0.09499999999997044,"failureMessages":[],"meta":{}},{"ancestorTitles":["property.dto","CreatePropertyDto"],"fullName":"property.dto CreatePropertyDto should have correct types for all fields","status":"passed","title":"should have correct types for all fields","duration":0.1139999999999759,"failureMessages":[],"meta":{}},{"ancestorTitles":["property.dto","UpdatePropertyDto"],"fullName":"property.dto UpdatePropertyDto should accept empty update object","status":"passed","title":"should accept empty update object","duration":1.0160000000000196,"failureMessages":[],"meta":{}},{"ancestorTitles":["property.dto","UpdatePropertyDto"],"fullName":"property.dto UpdatePropertyDto should accept partial update with title only","status":"passed","title":"should accept partial update with title only","duration":0.13709999999997535,"failureMessages":[],"meta":{}},{"ancestorTitles":["property.dto","UpdatePropertyDto"],"fullName":"property.dto UpdatePropertyDto should accept partial update with description only","status":"passed","title":"should accept partial update with description only","duration":0.09489999999999554,"failureMessages":[],"meta":{}},{"ancestorTitles":["property.dto","UpdatePropertyDto"],"fullName":"property.dto UpdatePropertyDto should accept partial update with pricePerNight only","status":"passed","title":"should accept partial update with pricePerNight only","duration":0.1542999999999779,"failureMessages":[],"meta":{}},{"ancestorTitles":["property.dto","UpdatePropertyDto"],"fullName":"property.dto UpdatePropertyDto should accept partial update with address only","status":"passed","title":"should accept partial update with address only","duration":0.33330000000000837,"failureMessages":[],"meta":{}},{"ancestorTitles":["property.dto","UpdatePropertyDto"],"fullName":"property.dto UpdatePropertyDto should accept partial update with imageUrl as string","status":"passed","title":"should accept partial update with imageUrl as string","duration":0.16860000000002628,"failureMessages":[],"meta":{}},{"ancestorTitles":["property.dto","UpdatePropertyDto"],"fullName":"property.dto UpdatePropertyDto should accept partial update with imageUrl as null","status":"passed","title":"should accept partial update with imageUrl as null","duration":0.1099999999999568,"failureMessages":[],"meta":{}},{"ancestorTitles":["property.dto","UpdatePropertyDto"],"fullName":"property.dto UpdatePropertyDto should accept update with multiple fields","status":"passed","title":"should accept update with multiple fields","duration":0.151299999999992,"failureMessages":[],"meta":{}},{"ancestorTitles":["property.dto","UpdatePropertyDto"],"fullName":"property.dto UpdatePropertyDto should accept update with all fields","status":"passed","title":"should accept update with all fields","duration":0.1449000000000069,"failureMessages":[],"meta":{}},{"ancestorTitles":["property.dto","PropertyResponseDto"],"fullName":"property.dto PropertyResponseDto should accept valid property response with all fields","status":"passed","title":"should accept valid property response with all fields","duration":0.3020999999999958,"failureMessages":[],"meta":{}},{"ancestorTitles":["property.dto","PropertyResponseDto"],"fullName":"property.dto PropertyResponseDto should accept property response with null imageUrl","status":"passed","title":"should accept property response with null imageUrl","duration":0.12189999999998236,"failureMessages":[],"meta":{}},{"ancestorTitles":["property.dto","PropertyResponseDto"],"fullName":"property.dto PropertyResponseDto should have id field","status":"passed","title":"should have id field","duration":0.15339999999997644,"failureMessages":[],"meta":{}},{"ancestorTitles":["property.dto","PropertyResponseDto"],"fullName":"property.dto PropertyResponseDto should have status field","status":"passed","title":"should have status field","duration":0.12869999999998072,"failureMessages":[],"meta":{}},{"ancestorTitles":["property.dto","PropertyResponseDto"],"fullName":"property.dto PropertyResponseDto should have createdAt field as Date","status":"passed","title":"should have createdAt field as Date","duration":0.12950000000000728,"failureMessages":[],"meta":{}},{"ancestorTitles":["property.dto","PropertyListResponseDto"],"fullName":"property.dto PropertyListResponseDto should accept empty property list","status":"passed","title":"should accept empty property list","duration":0.24500000000000455,"failureMessages":[],"meta":{}},{"ancestorTitles":["property.dto","PropertyListResponseDto"],"fullName":"property.dto PropertyListResponseDto should accept list with multiple properties","status":"passed","title":"should accept list with multiple properties","duration":0.2552000000000021,"failureMessages":[],"meta":{}},{"ancestorTitles":["property.dto","PropertyListResponseDto"],"fullName":"property.dto PropertyListResponseDto should have properties array","status":"passed","title":"should have properties array","duration":0.12129999999996244,"failureMessages":[],"meta":{}},{"ancestorTitles":["property.dto","PropertyListResponseDto"],"fullName":"property.dto PropertyListResponseDto should have total count","status":"passed","title":"should have total count","duration":0.11199999999996635,"failureMessages":[],"meta":{}}],"startTime":1768473275362,"endTime":1768473275369.112,"status":"passed","message":"","name":"D:/REPOSITORY/Project/BookingApp/packages/dto/src/__tests__/property.dto.test.ts"},{"assertionResults":[{"ancestorTitles":["property.schema","createPropertySchema","valid inputs"],"fullName":"property.schema createPropertySchema valid inputs should accept valid property data with all fields","status":"passed","title":"should accept valid property data with all fields","duration":2.9381000000000768,"failureMessages":[],"meta":{}},{"ancestorTitles":["property.schema","createPropertySchema","valid inputs"],"fullName":"property.schema createPropertySchema valid inputs should accept valid property data without imageUrl","status":"passed","title":"should accept valid property data without imageUrl","duration":0.3025000000000091,"failureMessages":[],"meta":{}},{"ancestorTitles":["property.schema","createPropertySchema","valid inputs"],"fullName":"property.schema createPropertySchema valid inputs should accept valid property data with undefined imageUrl","status":"passed","title":"should accept valid property data with undefined imageUrl","duration":0.16970000000003438,"failureMessages":[],"meta":{}},{"ancestorTitles":["property.schema","createPropertySchema","valid inputs"],"fullName":"property.schema createPropertySchema valid inputs should accept minimum valid values","status":"passed","title":"should accept minimum valid values","duration":0.13669999999990523,"failureMessages":[],"meta":{}},{"ancestorTitles":["property.schema","createPropertySchema","valid inputs"],"fullName":"property.schema createPropertySchema valid inputs should accept maximum valid values","status":"passed","title":"should accept maximum valid values","duration":0.17889999999999873,"failureMessages":[],"meta":{}},{"ancestorTitles":["property.schema","createPropertySchema","title validation"],"fullName":"property.schema createPropertySchema title validation should reject title shorter than 3 characters","status":"passed","title":"should reject title shorter than 3 characters","duration":0.7925999999999931,"failureMessages":[],"meta":{}},{"ancestorTitles":["property.schema","createPropertySchema","title validation"],"fullName":"property.schema createPropertySchema title validation should reject title longer than 200 characters","status":"passed","title":"should reject title longer than 200 characters","duration":0.29579999999998563,"failureMessages":[],"meta":{}},{"ancestorTitles":["property.schema","createPropertySchema","title validation"],"fullName":"property.schema createPropertySchema title validation should reject empty title","status":"passed","title":"should reject empty title","duration":0.20460000000002765,"failureMessages":[],"meta":{}},{"ancestorTitles":["property.schema","createPropertySchema","title validation"],"fullName":"property.schema createPropertySchema title validation should reject non-string title","status":"passed","title":"should reject non-string title","duration":0.3088000000000193,"failureMessages":[],"meta":{}},{"ancestorTitles":["property.schema","createPropertySchema","description validation"],"fullName":"property.schema createPropertySchema description validation should reject description shorter than 10 characters","status":"passed","title":"should reject description shorter than 10 characters","duration":0.2699000000000069,"failureMessages":[],"meta":{}},{"ancestorTitles":["property.schema","createPropertySchema","description validation"],"fullName":"property.schema createPropertySchema description validation should reject description longer than 5000 characters","status":"passed","title":"should reject description longer than 5000 characters","duration":0.23930000000007112,"failureMessages":[],"meta":{}},{"ancestorTitles":["property.schema","createPropertySchema","description validation"],"fullName":"property.schema createPropertySchema description validation should reject empty description","status":"passed","title":"should reject empty description","duration":0.18370000000004438,"failureMessages":[],"meta":{}},{"ancestorTitles":["property.schema","createPropertySchema","pricePerNight validation"],"fullName":"property.schema createPropertySchema pricePerNight validation should reject negative price","status":"passed","title":"should reject negative price","duration":0.25919999999996435,"failureMessages":[],"meta":{}},{"ancestorTitles":["property.schema","createPropertySchema","pricePerNight validation"],"fullName":"property.schema createPropertySchema pricePerNight validation should reject price greater than 1000000","status":"passed","title":"should reject price greater than 1000000","duration":0.31989999999996144,"failureMessages":[],"meta":{}},{"ancestorTitles":["property.schema","createPropertySchema","pricePerNight validation"],"fullName":"property.schema createPropertySchema pricePerNight validation should reject non-number price","status":"passed","title":"should reject non-number price","duration":0.22299999999995634,"failureMessages":[],"meta":{}},{"ancestorTitles":["property.schema","createPropertySchema","pricePerNight validation"],"fullName":"property.schema createPropertySchema pricePerNight validation should accept zero price","status":"passed","title":"should accept zero price","duration":0.15020000000004075,"failureMessages":[],"meta":{}},{"ancestorTitles":["property.schema","createPropertySchema","address validation"],"fullName":"property.schema createPropertySchema address validation should reject address shorter than 5 characters","status":"passed","title":"should reject address shorter than 5 characters","duration":0.24680000000000746,"failureMessages":[],"meta":{}},{"ancestorTitles":["property.schema","createPropertySchema","address validation"],"fullName":"property.schema createPropertySchema address validation should reject address longer than 500 characters","status":"passed","title":"should reject address longer than 500 characters","duration":0.1895999999999276,"failureMessages":[],"meta":{}},{"ancestorTitles":["property.schema","createPropertySchema","address validation"],"fullName":"property.schema createPropertySchema address validation should reject empty address","status":"passed","title":"should reject empty address","duration":0.177599999999984,"failureMessages":[],"meta":{}},{"ancestorTitles":["property.schema","createPropertySchema","imageUrl validation"],"fullName":"property.schema createPropertySchema imageUrl validation should reject invalid URL format","status":"passed","title":"should reject invalid URL format","duration":0.32920000000001437,"failureMessages":[],"meta":{}},{"ancestorTitles":["property.schema","createPropertySchema","imageUrl validation"],"fullName":"property.schema createPropertySchema imageUrl validation should reject URL without protocol","status":"passed","title":"should reject URL without protocol","duration":0.25729999999998654,"failureMessages":[],"meta":{}},{"ancestorTitles":["property.schema","createPropertySchema","imageUrl validation"],"fullName":"property.schema createPropertySchema imageUrl validation should accept valid HTTP URL","status":"passed","title":"should accept valid HTTP URL","duration":0.17849999999998545,"failureMessages":[],"meta":{}},{"ancestorTitles":["property.schema","createPropertySchema","imageUrl validation"],"fullName":"property.schema createPropertySchema imageUrl validation should accept valid HTTPS URL","status":"passed","title":"should accept valid HTTPS URL","duration":0.17640000000005784,"failureMessages":[],"meta":{}},{"ancestorTitles":["property.schema","createPropertySchema","ownerId validation"],"fullName":"property.schema createPropertySchema ownerId validation should reject non-UUID format","status":"passed","title":"should reject non-UUID format","duration":0.33539999999993597,"failureMessages":[],"meta":{}},{"ancestorTitles":["property.schema","createPropertySchema","ownerId validation"],"fullName":"property.schema createPropertySchema ownerId validation should reject empty string as ownerId","status":"passed","title":"should reject empty string as ownerId","duration":0.2884000000000242,"failureMessages":[],"meta":{}},{"ancestorTitles":["property.schema","createPropertySchema","ownerId validation"],"fullName":"property.schema createPropertySchema ownerId validation should accept valid UUID v4","status":"passed","title":"should accept valid UUID v4","duration":0.17690000000004602,"failureMessages":[],"meta":{}},{"ancestorTitles":["property.schema","updatePropertySchema","valid partial updates"],"fullName":"property.schema updatePropertySchema valid partial updates should accept updating only title","status":"passed","title":"should accept updating only title","duration":0.6971999999999525,"failureMessages":[],"meta":{}},{"ancestorTitles":["property.schema","updatePropertySchema","valid partial updates"],"fullName":"property.schema updatePropertySchema valid partial updates should accept updating only description","status":"passed","title":"should accept updating only description","duration":0.1773000000000593,"failureMessages":[],"meta":{}},{"ancestorTitles":["property.schema","updatePropertySchema","valid partial updates"],"fullName":"property.schema updatePropertySchema valid partial updates should accept updating only pricePerNight","status":"passed","title":"should accept updating only pricePerNight","duration":0.2540000000000191,"failureMessages":[],"meta":{}},{"ancestorTitles":["property.schema","updatePropertySchema","valid partial updates"],"fullName":"property.schema updatePropertySchema valid partial updates should accept updating only address","status":"passed","title":"should accept updating only address","duration":0.17810000000008586,"failureMessages":[],"meta":{}},{"ancestorTitles":["property.schema","updatePropertySchema","valid partial updates"],"fullName":"property.schema updatePropertySchema valid partial updates should accept updating multiple fields","status":"passed","title":"should accept updating multiple fields","duration":0.16570000000001528,"failureMessages":[],"meta":{}},{"ancestorTitles":["property.schema","updatePropertySchema","valid partial updates"],"fullName":"property.schema updatePropertySchema valid partial updates should accept updating all fields","status":"passed","title":"should accept updating all fields","duration":0.21309999999994034,"failureMessages":[],"meta":{}},{"ancestorTitles":["property.schema","updatePropertySchema","valid partial updates"],"fullName":"property.schema updatePropertySchema valid partial updates should accept null imageUrl","status":"passed","title":"should accept null imageUrl","duration":0.1716000000000122,"failureMessages":[],"meta":{}},{"ancestorTitles":["property.schema","updatePropertySchema","invalid updates"],"fullName":"property.schema updatePropertySchema invalid updates should reject empty object","status":"passed","title":"should reject empty object","duration":0.4800000000000182,"failureMessages":[],"meta":{}},{"ancestorTitles":["property.schema","updatePropertySchema","invalid updates"],"fullName":"property.schema updatePropertySchema invalid updates should reject invalid title in partial update","status":"passed","title":"should reject invalid title in partial update","duration":0.24320000000000164,"failureMessages":[],"meta":{}},{"ancestorTitles":["property.schema","updatePropertySchema","invalid updates"],"fullName":"property.schema updatePropertySchema invalid updates should reject invalid price in partial update","status":"passed","title":"should reject invalid price in partial update","duration":0.23279999999999745,"failureMessages":[],"meta":{}},{"ancestorTitles":["property.schema","updatePropertySchema","invalid updates"],"fullName":"property.schema updatePropertySchema invalid updates should reject invalid URL in imageUrl update","status":"passed","title":"should reject invalid URL in imageUrl update","duration":0.2601000000000795,"failureMessages":[],"meta":{}},{"ancestorTitles":["property.schema","propertyIdSchema"],"fullName":"property.schema propertyIdSchema should accept valid UUID","status":"passed","title":"should accept valid UUID","duration":0.3170000000000073,"failureMessages":[],"meta":{}},{"ancestorTitles":["property.schema","propertyIdSchema"],"fullName":"property.schema propertyIdSchema should reject non-UUID string","status":"passed","title":"should reject non-UUID string","duration":0.3522000000000389,"failureMessages":[],"meta":{}},{"ancestorTitles":["property.schema","propertyIdSchema"],"fullName":"property.schema propertyIdSchema should reject empty string","status":"passed","title":"should reject empty string","duration":0.30110000000001946,"failureMessages":[],"meta":{}},{"ancestorTitles":["property.schema","propertyIdSchema"],"fullName":"property.schema propertyIdSchema should reject malformed UUID","status":"passed","title":"should reject malformed UUID","duration":0.21749999999997272,"failureMessages":[],"meta":{}},{"ancestorTitles":["property.schema","propertyIdSchema"],"fullName":"property.schema propertyIdSchema should reject object without id field","status":"passed","title":"should reject object without id field","duration":0.17629999999996926,"failureMessages":[],"meta":{}}],"startTime":1768473274959,"endTime":1768473274974.301,"status":"passed","message":"","name":"D:/REPOSITORY/Project/BookingApp/packages/validation/src/__tests__/property.schema.test.ts"},{"assertionResults":[{"ancestorTitles":["Booking Entity","Creation"],"fullName":"Booking Entity Creation should create booking with PENDING status by default","status":"passed","title":"should create booking with PENDING status by default","duration":3.871600000000001,"failureMessages":[],"meta":{}},{"ancestorTitles":["Booking Entity","Creation"],"fullName":"Booking Entity Creation should create booking with custom status","status":"passed","title":"should create booking with custom status","duration":0.2536000000000058,"failureMessages":[],"meta":{}},{"ancestorTitles":["Booking Entity","Creation"],"fullName":"Booking Entity Creation should generate UUID if not provided","status":"passed","title":"should generate UUID if not provided","duration":0.2891999999999939,"failureMessages":[],"meta":{}},{"ancestorTitles":["Booking Entity","Validation"],"fullName":"Booking Entity Validation should throw error if endDate is before startDate","status":"passed","title":"should throw error if endDate is before startDate","duration":1.1818999999999846,"failureMessages":[],"meta":{}},{"ancestorTitles":["Booking Entity","Validation"],"fullName":"Booking Entity Validation should throw error if endDate equals startDate","status":"passed","title":"should throw error if endDate equals startDate","duration":0.18479999999999563,"failureMessages":[],"meta":{}},{"ancestorTitles":["Booking Entity","Validation"],"fullName":"Booking Entity Validation should throw error if totalGuests is less than 1","status":"passed","title":"should throw error if totalGuests is less than 1","duration":0.2773000000000252,"failureMessages":[],"meta":{}},{"ancestorTitles":["Booking Entity","Validation"],"fullName":"Booking Entity Validation should throw error if totalGuests exceeds maximum","status":"passed","title":"should throw error if totalGuests exceeds maximum","duration":0.24650000000002592,"failureMessages":[],"meta":{}},{"ancestorTitles":["Booking Entity","Validation"],"fullName":"Booking Entity Validation should accept valid totalGuests range","status":"passed","title":"should accept valid totalGuests range","duration":0.3714999999999691,"failureMessages":[],"meta":{}},{"ancestorTitles":["Booking Entity","Status transitions"],"fullName":"Booking Entity Status transitions should confirm PENDING booking","status":"passed","title":"should confirm PENDING booking","duration":0.4970000000000141,"failureMessages":[],"meta":{}},{"ancestorTitles":["Booking Entity","Status transitions"],"fullName":"Booking Entity Status transitions should not confirm non-PENDING booking","status":"passed","title":"should not confirm non-PENDING booking","duration":0.26190000000002556,"failureMessages":[],"meta":{}},{"ancestorTitles":["Booking Entity","Status transitions"],"fullName":"Booking Entity Status transitions should cancel PENDING booking","status":"passed","title":"should cancel PENDING booking","duration":0.17349999999999,"failureMessages":[],"meta":{}},{"ancestorTitles":["Booking Entity","Status transitions"],"fullName":"Booking Entity Status transitions should cancel CONFIRMED booking","status":"passed","title":"should cancel CONFIRMED booking","duration":0.1419999999999959,"failureMessages":[],"meta":{}},{"ancestorTitles":["Booking Entity","Status transitions"],"fullName":"Booking Entity Status transitions should not cancel COMPLETED booking","status":"passed","title":"should not cancel COMPLETED booking","duration":0.2699999999999818,"failureMessages":[],"meta":{}},{"ancestorTitles":["Booking Entity","Status transitions"],"fullName":"Booking Entity Status transitions should check-in CONFIRMED booking","status":"passed","title":"should check-in CONFIRMED booking","duration":0.10110000000003083,"failureMessages":[],"meta":{}},{"ancestorTitles":["Booking Entity","Status transitions"],"fullName":"Booking Entity Status transitions should not check-in PENDING booking","status":"passed","title":"should not check-in PENDING booking","duration":0.3388999999999669,"failureMessages":[],"meta":{}},{"ancestorTitles":["Booking Entity","Status transitions"],"fullName":"Booking Entity Status transitions should not check-in CANCELLED booking","status":"passed","title":"should not check-in CANCELLED booking","duration":0.28010000000000446,"failureMessages":[],"meta":{}},{"ancestorTitles":["Booking Entity","Status transitions"],"fullName":"Booking Entity Status transitions should check-out COMPLETED booking","status":"passed","title":"should check-out COMPLETED booking","duration":1.200400000000002,"failureMessages":[],"meta":{}},{"ancestorTitles":["Booking Entity","Status transitions"],"fullName":"Booking Entity Status transitions should not check-out non-COMPLETED booking","status":"passed","title":"should not check-out non-COMPLETED booking","duration":0.36400000000003274,"failureMessages":[],"meta":{}},{"ancestorTitles":["Booking Entity","Computed properties"],"fullName":"Booking Entity Computed properties should calculate days correctly","status":"passed","title":"should calculate days correctly","duration":0.17720000000002756,"failureMessages":[],"meta":{}},{"ancestorTitles":["Booking Entity","Computed properties"],"fullName":"Booking Entity Computed properties should calculate partial days as full day","status":"passed","title":"should calculate partial days as full day","duration":1.2250000000000227,"failureMessages":[],"meta":{}},{"ancestorTitles":["Booking Entity","Query methods"],"fullName":"Booking Entity Query methods should return true for PENDING booking","status":"passed","title":"should return true for PENDING booking","duration":0.32519999999999527,"failureMessages":[],"meta":{}},{"ancestorTitles":["Booking Entity","Query methods"],"fullName":"Booking Entity Query methods should return true for CONFIRMED booking","status":"passed","title":"should return true for CONFIRMED booking","duration":0.20580000000001064,"failureMessages":[],"meta":{}},{"ancestorTitles":["Booking Entity","Query methods"],"fullName":"Booking Entity Query methods should return true for CANCELLED booking","status":"passed","title":"should return true for CANCELLED booking","duration":0.20799999999997,"failureMessages":[],"meta":{}},{"ancestorTitles":["Booking Entity","Query methods"],"fullName":"Booking Entity Query methods should return true for COMPLETED booking","status":"passed","title":"should return true for COMPLETED booking","duration":0.19619999999997617,"failureMessages":[],"meta":{}},{"ancestorTitles":["Booking Entity","Query methods"],"fullName":"Booking Entity Query methods should check if booking can be cancelled","status":"passed","title":"should check if booking can be cancelled","duration":0.18309999999996762,"failureMessages":[],"meta":{}},{"ancestorTitles":["Booking Entity","Query methods"],"fullName":"Booking Entity Query methods should check if booking is active","status":"passed","title":"should check if booking is active","duration":0.21829999999999927,"failureMessages":[],"meta":{}},{"ancestorTitles":["Booking Entity","toJSON"],"fullName":"Booking Entity toJSON should serialize booking correctly","status":"passed","title":"should serialize booking correctly","duration":1.2707999999999515,"failureMessages":[],"meta":{}}],"startTime":1768473275290,"endTime":1768473275305.2708,"status":"passed","message":"","name":"D:/REPOSITORY/Project/BookingApp/packages/shared/src/entities/__tests__/booking.entity.test.ts"},{"assertionResults":[{"ancestorTitles":["Property Entity","Creation"],"fullName":"Property Entity Creation should create property with valid data","status":"passed","title":"should create property with valid data","duration":4.606899999999996,"failureMessages":[],"meta":{}},{"ancestorTitles":["Property Entity","Creation"],"fullName":"Property Entity Creation should generate UUID if not provided","status":"passed","title":"should generate UUID if not provided","duration":0.39800000000002456,"failureMessages":[],"meta":{}},{"ancestorTitles":["Property Entity","Creation"],"fullName":"Property Entity Creation should use provided id","status":"passed","title":"should use provided id","duration":0.15970000000004347,"failureMessages":[],"meta":{}},{"ancestorTitles":["Property Entity","Creation"],"fullName":"Property Entity Creation should default to AVAILABLE status","status":"passed","title":"should default to AVAILABLE status","duration":0.16660000000001673,"failureMessages":[],"meta":{}},{"ancestorTitles":["Property Entity","Creation"],"fullName":"Property Entity Creation should accept custom status","status":"passed","title":"should accept custom status","duration":0.17679999999995744,"failureMessages":[],"meta":{}},{"ancestorTitles":["Property Entity","Creation"],"fullName":"Property Entity Creation should handle null imageUrl","status":"passed","title":"should handle null imageUrl","duration":0.19099999999991724,"failureMessages":[],"meta":{}},{"ancestorTitles":["Property Entity","Creation"],"fullName":"Property Entity Creation should handle undefined imageUrl (defaults to null)","status":"passed","title":"should handle undefined imageUrl (defaults to null)","duration":0.11660000000006221,"failureMessages":[],"meta":{}},{"ancestorTitles":["Property Entity","Creation"],"fullName":"Property Entity Creation should handle provided imageUrl","status":"passed","title":"should handle provided imageUrl","duration":0.09619999999995343,"failureMessages":[],"meta":{}},{"ancestorTitles":["Property Entity","Title validation"],"fullName":"Property Entity Title validation should throw error if title is too short (< 3 chars)","status":"passed","title":"should throw error if title is too short (< 3 chars)","duration":0.3266999999999598,"failureMessages":[],"meta":{}},{"ancestorTitles":["Property Entity","Title validation"],"fullName":"Property Entity Title validation should throw error if title is too short (2 chars)","status":"passed","title":"should throw error if title is too short (2 chars)","duration":0.7277000000000271,"failureMessages":[],"meta":{}},{"ancestorTitles":["Property Entity","Title validation"],"fullName":"Property Entity Title validation should accept title with exactly 3 characters","status":"passed","title":"should accept title with exactly 3 characters","duration":0.20929999999998472,"failureMessages":[],"meta":{}},{"ancestorTitles":["Property Entity","Title validation"],"fullName":"Property Entity Title validation should throw error if title is too long (> 200 chars)","status":"passed","title":"should throw error if title is too long (> 200 chars)","duration":0.13639999999998054,"failureMessages":[],"meta":{}},{"ancestorTitles":["Property Entity","Title validation"],"fullName":"Property Entity Title validation should accept title with exactly 200 characters","status":"passed","title":"should accept title with exactly 200 characters","duration":0.15800000000001546,"failureMessages":[],"meta":{}},{"ancestorTitles":["Property Entity","Title validation"],"fullName":"Property Entity Title validation should trim whitespace from title","status":"passed","title":"should trim whitespace from title","duration":0.09629999999992833,"failureMessages":[],"meta":{}},{"ancestorTitles":["Property Entity","Description validation"],"fullName":"Property Entity Description validation should throw error if description is too short (< 10 chars)","status":"passed","title":"should throw error if description is too short (< 10 chars)","duration":0.11009999999998854,"failureMessages":[],"meta":{}},{"ancestorTitles":["Property Entity","Description validation"],"fullName":"Property Entity Description validation should throw error if description is too short (9 chars)","status":"passed","title":"should throw error if description is too short (9 chars)","duration":0.15589999999997417,"failureMessages":[],"meta":{}},{"ancestorTitles":["Property Entity","Description validation"],"fullName":"Property Entity Description validation should accept description with exactly 10 characters","status":"passed","title":"should accept description with exactly 10 characters","duration":0.15009999999995216,"failureMessages":[],"meta":{}},{"ancestorTitles":["Property Entity","Description validation"],"fullName":"Property Entity Description validation should throw error if description is too long (> 5000 chars)","status":"passed","title":"should throw error if description is too long (> 5000 chars)","duration":0.13189999999997326,"failureMessages":[],"meta":{}},{"ancestorTitles":["Property Entity","Description validation"],"fullName":"Property Entity Description validation should accept description with exactly 5000 characters","status":"passed","title":"should accept description with exactly 5000 characters","duration":0.17700000000002092,"failureMessages":[],"meta":{}},{"ancestorTitles":["Property Entity","Description validation"],"fullName":"Property Entity Description validation should trim whitespace from description","status":"passed","title":"should trim whitespace from description","duration":0.1412000000000262,"failureMessages":[],"meta":{}},{"ancestorTitles":["Property Entity","Update methods"],"fullName":"Property Entity Update methods should update title","status":"passed","title":"should update title","duration":0.4333000000000311,"failureMessages":[],"meta":{}},{"ancestorTitles":["Property Entity","Update methods"],"fullName":"Property Entity Update methods should validate title on update","status":"passed","title":"should validate title on update","duration":0.17999999999994998,"failureMessages":[],"meta":{}},{"ancestorTitles":["Property Entity","Update methods"],"fullName":"Property Entity Update methods should update description","status":"passed","title":"should update description","duration":0.14220000000000255,"failureMessages":[],"meta":{}},{"ancestorTitles":["Property Entity","Update methods"],"fullName":"Property Entity Update methods should validate description on update","status":"passed","title":"should validate description on update","duration":0.16200000000003456,"failureMessages":[],"meta":{}},{"ancestorTitles":["Property Entity","Update methods"],"fullName":"Property Entity Update methods should update address","status":"passed","title":"should update address","duration":0.7471000000000458,"failureMessages":[],"meta":{}},{"ancestorTitles":["Property Entity","Update methods"],"fullName":"Property Entity Update methods should update price","status":"passed","title":"should update price","duration":0.22119999999995343,"failureMessages":[],"meta":{}},{"ancestorTitles":["Property Entity","Update methods"],"fullName":"Property Entity Update methods should update imageUrl","status":"passed","title":"should update imageUrl","duration":0.12199999999995725,"failureMessages":[],"meta":{}},{"ancestorTitles":["Property Entity","Update methods"],"fullName":"Property Entity Update methods should update imageUrl to null","status":"passed","title":"should update imageUrl to null","duration":0.10350000000005366,"failureMessages":[],"meta":{}},{"ancestorTitles":["Property Entity","Status methods"],"fullName":"Property Entity Status methods should mark as available","status":"passed","title":"should mark as available","duration":0.18460000000004584,"failureMessages":[],"meta":{}},{"ancestorTitles":["Property Entity","Status methods"],"fullName":"Property Entity Status methods should mark as rented","status":"passed","title":"should mark as rented","duration":0.16459999999995034,"failureMessages":[],"meta":{}},{"ancestorTitles":["Property Entity","Status methods"],"fullName":"Property Entity Status methods should mark as maintenance","status":"passed","title":"should mark as maintenance","duration":0.15049999999996544,"failureMessages":[],"meta":{}},{"ancestorTitles":["Property Entity","Status methods"],"fullName":"Property Entity Status methods should mark as inactive","status":"passed","title":"should mark as inactive","duration":0.17029999999999745,"failureMessages":[],"meta":{}},{"ancestorTitles":["Property Entity","Getters"],"fullName":"Property Entity Getters should return title","status":"passed","title":"should return title","duration":0.14470000000005712,"failureMessages":[],"meta":{}},{"ancestorTitles":["Property Entity","Getters"],"fullName":"Property Entity Getters should return description","status":"passed","title":"should return description","duration":0.12649999999996453,"failureMessages":[],"meta":{}},{"ancestorTitles":["Property Entity","Getters"],"fullName":"Property Entity Getters should return address","status":"passed","title":"should return address","duration":0.12789999999995416,"failureMessages":[],"meta":{}},{"ancestorTitles":["Property Entity","Getters"],"fullName":"Property Entity Getters should return price","status":"passed","title":"should return price","duration":0.1514999999999418,"failureMessages":[],"meta":{}},{"ancestorTitles":["Property Entity","toJSON"],"fullName":"Property Entity toJSON should serialize property correctly","status":"passed","title":"should serialize property correctly","duration":0.41800000000000637,"failureMessages":[],"meta":{}},{"ancestorTitles":["Property Entity","toJSON"],"fullName":"Property Entity toJSON should serialize property with null imageUrl","status":"passed","title":"should serialize property with null imageUrl","duration":0.1675000000000182,"failureMessages":[],"meta":{}},{"ancestorTitles":["Property Entity","Edge cases"],"fullName":"Property Entity Edge cases should handle title with only spaces after trim","status":"passed","title":"should handle title with only spaces after trim","duration":0.16570000000001528,"failureMessages":[],"meta":{}},{"ancestorTitles":["Property Entity","Edge cases"],"fullName":"Property Entity Edge cases should handle description with only spaces after trim","status":"passed","title":"should handle description with only spaces after trim","duration":0.12750000000005457,"failureMessages":[],"meta":{}}],"startTime":1768473274906,"endTime":1768473274919.1675,"status":"passed","message":"","name":"D:/REPOSITORY/Project/BookingApp/packages/shared/src/entities/__tests__/property.entity.test.ts"},{"assertionResults":[{"ancestorTitles":["User Entity","Creation"],"fullName":"User Entity Creation should create user with all required fields","status":"passed","title":"should create user with all required fields","duration":1.8466999999999985,"failureMessages":[],"meta":{}},{"ancestorTitles":["User Entity","Creation"],"fullName":"User Entity Creation should create admin user","status":"passed","title":"should create admin user","duration":0.12920000000002574,"failureMessages":[],"meta":{}},{"ancestorTitles":["User Entity","toJSON"],"fullName":"User Entity toJSON should serialize user without password","status":"passed","title":"should serialize user without password","duration":0.9931999999999448,"failureMessages":[],"meta":{}},{"ancestorTitles":["User Entity","toJSON"],"fullName":"User Entity toJSON should include all fields except password","status":"passed","title":"should include all fields except password","duration":0.2441000000000031,"failureMessages":[],"meta":{}},{"ancestorTitles":["User Entity","Role checking"],"fullName":"User Entity Role checking should have USER role value","status":"passed","title":"should have USER role value","duration":0.1261000000000081,"failureMessages":[],"meta":{}},{"ancestorTitles":["User Entity","Role checking"],"fullName":"User Entity Role checking should have ADMIN role value","status":"passed","title":"should have ADMIN role value","duration":0.11540000000002237,"failureMessages":[],"meta":{}},{"ancestorTitles":["User Entity","Immutability"],"fullName":"User Entity Immutability should have readonly properties at compile time","status":"passed","title":"should have readonly properties at compile time","duration":0.1599000000000501,"failureMessages":[],"meta":{}},{"ancestorTitles":["User Entity","Edge cases"],"fullName":"User Entity Edge cases should handle empty strings","status":"passed","title":"should handle empty strings","duration":0.20190000000002328,"failureMessages":[],"meta":{}},{"ancestorTitles":["User Entity","Edge cases"],"fullName":"User Entity Edge cases should handle special characters in email","status":"passed","title":"should handle special characters in email","duration":0.1449000000000069,"failureMessages":[],"meta":{}},{"ancestorTitles":["User Entity","Edge cases"],"fullName":"User Entity Edge cases should handle very long names","status":"passed","title":"should handle very long names","duration":0.1379000000000019,"failureMessages":[],"meta":{}}],"startTime":1768473275621,"endTime":1768473275626.145,"status":"passed","message":"","name":"D:/REPOSITORY/Project/BookingApp/packages/shared/src/entities/__tests__/user.entity.test.ts"},{"assertionResults":[{"ancestorTitles":["Address Value Object","Creation"],"fullName":"Address Value Object Creation should create address with valid input","status":"passed","title":"should create address with valid input","duration":1.8601999999999634,"failureMessages":[],"meta":{}},{"ancestorTitles":["Address Value Object","Creation"],"fullName":"Address Value Object Creation should trim whitespace from address","status":"passed","title":"should trim whitespace from address","duration":0.7072000000000003,"failureMessages":[],"meta":{}},{"ancestorTitles":["Address Value Object","Creation"],"fullName":"Address Value Object Creation should throw error if address is empty","status":"passed","title":"should throw error if address is empty","duration":0.8125,"failureMessages":[],"meta":{}},{"ancestorTitles":["Address Value Object","Creation"],"fullName":"Address Value Object Creation should throw error if address is only whitespace","status":"passed","title":"should throw error if address is only whitespace","duration":1.0523000000000025,"failureMessages":[],"meta":{}},{"ancestorTitles":["Address Value Object","Creation"],"fullName":"Address Value Object Creation should throw error if address is too short (< 5 chars)","status":"passed","title":"should throw error if address is too short (< 5 chars)","duration":0.18420000000003256,"failureMessages":[],"meta":{}},{"ancestorTitles":["Address Value Object","Creation"],"fullName":"Address Value Object Creation should throw error with specific message for short address","status":"passed","title":"should throw error with specific message for short address","duration":0.2773000000000252,"failureMessages":[],"meta":{}},{"ancestorTitles":["Address Value Object","Creation"],"fullName":"Address Value Object Creation should accept address with exactly 5 characters","status":"passed","title":"should accept address with exactly 5 characters","duration":0.25820000000004484,"failureMessages":[],"meta":{}},{"ancestorTitles":["Address Value Object","Creation"],"fullName":"Address Value Object Creation should throw error if address is too long (> 500 chars)","status":"passed","title":"should throw error if address is too long (> 500 chars)","duration":0.6177000000000135,"failureMessages":[],"meta":{}},{"ancestorTitles":["Address Value Object","Creation"],"fullName":"Address Value Object Creation should throw error with specific message for long address","status":"passed","title":"should throw error with specific message for long address","duration":0.4130000000000109,"failureMessages":[],"meta":{}},{"ancestorTitles":["Address Value Object","Creation"],"fullName":"Address Value Object Creation should accept address with exactly 500 characters","status":"passed","title":"should accept address with exactly 500 characters","duration":0.24340000000000828,"failureMessages":[],"meta":{}},{"ancestorTitles":["Address Value Object","equals"],"fullName":"Address Value Object equals should return true for equal addresses","status":"passed","title":"should return true for equal addresses","duration":0.22790000000003374,"failureMessages":[],"meta":{}},{"ancestorTitles":["Address Value Object","equals"],"fullName":"Address Value Object equals should return false for different addresses","status":"passed","title":"should return false for different addresses","duration":0.15550000000001774,"failureMessages":[],"meta":{}},{"ancestorTitles":["Address Value Object","equals"],"fullName":"Address Value Object equals should return false for addresses with different casing","status":"passed","title":"should return false for addresses with different casing","duration":0.10869999999999891,"failureMessages":[],"meta":{}},{"ancestorTitles":["Address Value Object","toString"],"fullName":"Address Value Object toString should return address value","status":"passed","title":"should return address value","duration":0.13960000000002992,"failureMessages":[],"meta":{}},{"ancestorTitles":["Address Value Object","toString"],"fullName":"Address Value Object toString should return trimmed value","status":"passed","title":"should return trimmed value","duration":0.29450000000002774,"failureMessages":[],"meta":{}},{"ancestorTitles":["Address Value Object","Edge cases"],"fullName":"Address Value Object Edge cases should handle special characters","status":"passed","title":"should handle special characters","duration":0.254099999999994,"failureMessages":[],"meta":{}},{"ancestorTitles":["Address Value Object","Edge cases"],"fullName":"Address Value Object Edge cases should handle newlines and tabs","status":"passed","title":"should handle newlines and tabs","duration":0.1560999999999808,"failureMessages":[],"meta":{}},{"ancestorTitles":["Address Value Object","Edge cases"],"fullName":"Address Value Object Edge cases should handle unicode characters","status":"passed","title":"should handle unicode characters","duration":0.16069999999996298,"failureMessages":[],"meta":{}},{"ancestorTitles":["Address Value Object","Edge cases"],"fullName":"Address Value Object Edge cases should handle emojis","status":"passed","title":"should handle emojis","duration":0.3474000000000501,"failureMessages":[],"meta":{}}],"startTime":1768473275360,"endTime":1768473275369.3474,"status":"passed","message":"","name":"D:/REPOSITORY/Project/BookingApp/packages/shared/src/value-objects/__tests__/address.vo.test.ts"},{"assertionResults":[{"ancestorTitles":["Price Value Object","Creation"],"fullName":"Price Value Object Creation should create price with valid positive number","status":"passed","title":"should create price with valid positive number","duration":1.185100000000034,"failureMessages":[],"meta":{}},{"ancestorTitles":["Price Value Object","Creation"],"fullName":"Price Value Object Creation should create price with zero","status":"passed","title":"should create price with zero","duration":0.143100000000004,"failureMessages":[],"meta":{}},{"ancestorTitles":["Price Value Object","Creation"],"fullName":"Price Value Object Creation should throw error for negative price","status":"passed","title":"should throw error for negative price","duration":0.3298000000000343,"failureMessages":[],"meta":{}},{"ancestorTitles":["Price Value Object","Creation"],"fullName":"Price Value Object Creation should throw error with specific message for negative price","status":"passed","title":"should throw error with specific message for negative price","duration":0.8951999999999884,"failureMessages":[],"meta":{}},{"ancestorTitles":["Price Value Object","Creation"],"fullName":"Price Value Object Creation should throw error for infinity","status":"passed","title":"should throw error for infinity","duration":0.16919999999998936,"failureMessages":[],"meta":{}},{"ancestorTitles":["Price Value Object","Creation"],"fullName":"Price Value Object Creation should throw error with specific message for infinity","status":"passed","title":"should throw error with specific message for infinity","duration":0.197400000000016,"failureMessages":[],"meta":{}},{"ancestorTitles":["Price Value Object","Creation"],"fullName":"Price Value Object Creation should throw error for negative infinity","status":"passed","title":"should throw error for negative infinity","duration":0.13060000000001537,"failureMessages":[],"meta":{}},{"ancestorTitles":["Price Value Object","Creation"],"fullName":"Price Value Object Creation should throw error for NaN","status":"passed","title":"should throw error for NaN","duration":0.11349999999998772,"failureMessages":[],"meta":{}},{"ancestorTitles":["Price Value Object","Creation"],"fullName":"Price Value Object Creation should throw error with specific message for NaN","status":"passed","title":"should throw error with specific message for NaN","duration":0.21510000000000673,"failureMessages":[],"meta":{}},{"ancestorTitles":["Price Value Object","Creation"],"fullName":"Price Value Object Creation should throw error for price exceeding maximum","status":"passed","title":"should throw error for price exceeding maximum","duration":0.14510000000001355,"failureMessages":[],"meta":{}},{"ancestorTitles":["Price Value Object","Creation"],"fullName":"Price Value Object Creation should throw error with specific message for maximum exceeded","status":"passed","title":"should throw error with specific message for maximum exceeded","duration":0.18819999999999482,"failureMessages":[],"meta":{}},{"ancestorTitles":["Price Value Object","Creation"],"fullName":"Price Value Object Creation should accept price at maximum limit","status":"passed","title":"should accept price at maximum limit","duration":0.22030000000000882,"failureMessages":[],"meta":{}},{"ancestorTitles":["Price Value Object","Creation"],"fullName":"Price Value Object Creation should accept decimal prices","status":"passed","title":"should accept decimal prices","duration":0.12370000000004211,"failureMessages":[],"meta":{}},{"ancestorTitles":["Price Value Object","Creation"],"fullName":"Price Value Object Creation should accept very small decimals","status":"passed","title":"should accept very small decimals","duration":0.09940000000000282,"failureMessages":[],"meta":{}},{"ancestorTitles":["Price Value Object","equals"],"fullName":"Price Value Object equals should return true for equal prices","status":"passed","title":"should return true for equal prices","duration":0.161200000000008,"failureMessages":[],"meta":{}},{"ancestorTitles":["Price Value Object","equals"],"fullName":"Price Value Object equals should return false for different prices","status":"passed","title":"should return false for different prices","duration":0.1957999999999629,"failureMessages":[],"meta":{}},{"ancestorTitles":["Price Value Object","equals"],"fullName":"Price Value Object equals should return true for same decimal prices","status":"passed","title":"should return true for same decimal prices","duration":0.12450000000001182,"failureMessages":[],"meta":{}},{"ancestorTitles":["Price Value Object","equals"],"fullName":"Price Value Object equals should return false for slightly different decimal prices","status":"passed","title":"should return false for slightly different decimal prices","duration":0.11580000000003565,"failureMessages":[],"meta":{}},{"ancestorTitles":["Price Value Object","toNumber"],"fullName":"Price Value Object toNumber should return numeric value","status":"passed","title":"should return numeric value","duration":0.15960000000001173,"failureMessages":[],"meta":{}},{"ancestorTitles":["Price Value Object","toNumber"],"fullName":"Price Value Object toNumber should return zero for zero price","status":"passed","title":"should return zero for zero price","duration":0.09660000000002356,"failureMessages":[],"meta":{}},{"ancestorTitles":["Price Value Object","toNumber"],"fullName":"Price Value Object toNumber should return decimal value","status":"passed","title":"should return decimal value","duration":0.09249999999997272,"failureMessages":[],"meta":{}},{"ancestorTitles":["Price Value Object","multiply"],"fullName":"Price Value Object multiply should multiply price by number of nights","status":"passed","title":"should multiply price by number of nights","duration":0.2744999999999891,"failureMessages":[],"meta":{}},{"ancestorTitles":["Price Value Object","multiply"],"fullName":"Price Value Object multiply should handle multiplication by 1","status":"passed","title":"should handle multiplication by 1","duration":0.11560000000002901,"failureMessages":[],"meta":{}},{"ancestorTitles":["Price Value Object","multiply"],"fullName":"Price Value Object multiply should handle multiplication by 0","status":"passed","title":"should handle multiplication by 0","duration":0.1097000000000321,"failureMessages":[],"meta":{}},{"ancestorTitles":["Price Value Object","multiply"],"fullName":"Price Value Object multiply should handle decimal multiplication","status":"passed","title":"should handle decimal multiplication","duration":0.10819999999995389,"failureMessages":[],"meta":{}},{"ancestorTitles":["Price Value Object","multiply"],"fullName":"Price Value Object multiply should handle large multiplication","status":"passed","title":"should handle large multiplication","duration":0.09420000000000073,"failureMessages":[],"meta":{}},{"ancestorTitles":["Price Value Object","multiply"],"fullName":"Price Value Object multiply should not modify original price","status":"passed","title":"should not modify original price","duration":0.8932000000000357,"failureMessages":[],"meta":{}},{"ancestorTitles":["Price Value Object","multiply"],"fullName":"Price Value Object multiply should throw error for negative multiplication","status":"passed","title":"should throw error for negative multiplication","duration":0.19790000000000418,"failureMessages":[],"meta":{}},{"ancestorTitles":["Price Value Object","multiply"],"fullName":"Price Value Object multiply should throw error for infinity multiplication","status":"passed","title":"should throw error for infinity multiplication","duration":0.14350000000001728,"failureMessages":[],"meta":{}},{"ancestorTitles":["Price Value Object","Edge cases"],"fullName":"Price Value Object Edge cases should handle very small decimal prices","status":"passed","title":"should handle very small decimal prices","duration":0.127900000000011,"failureMessages":[],"meta":{}},{"ancestorTitles":["Price Value Object","Edge cases"],"fullName":"Price Value Object Edge cases should handle prices with many decimal places","status":"passed","title":"should handle prices with many decimal places","duration":0.07639999999997826,"failureMessages":[],"meta":{}},{"ancestorTitles":["Price Value Object","Edge cases"],"fullName":"Price Value Object Edge cases should handle multiplication resulting in decimal","status":"passed","title":"should handle multiplication resulting in decimal","duration":0.16699999999997317,"failureMessages":[],"meta":{}},{"ancestorTitles":["Price Value Object","Edge cases"],"fullName":"Price Value Object Edge cases should handle multiplication resulting in very small decimal","status":"passed","title":"should handle multiplication resulting in very small decimal","duration":0.0969000000000051,"failureMessages":[],"meta":{}},{"ancestorTitles":["Price Value Object","Practical scenarios"],"fullName":"Price Value Object Practical scenarios should calculate total for 1 night stay","status":"passed","title":"should calculate total for 1 night stay","duration":0.09919999999999618,"failureMessages":[],"meta":{}},{"ancestorTitles":["Price Value Object","Practical scenarios"],"fullName":"Price Value Object Practical scenarios should calculate total for 7 nights stay","status":"passed","title":"should calculate total for 7 nights stay","duration":0.0848999999999478,"failureMessages":[],"meta":{}},{"ancestorTitles":["Price Value Object","Practical scenarios"],"fullName":"Price Value Object Practical scenarios should calculate total for 30 nights stay","status":"passed","title":"should calculate total for 30 nights stay","duration":0.07319999999998572,"failureMessages":[],"meta":{}},{"ancestorTitles":["Price Value Object","Practical scenarios"],"fullName":"Price Value Object Practical scenarios should handle weekend rates (2 nights)","status":"passed","title":"should handle weekend rates (2 nights)","duration":0.05340000000001055,"failureMessages":[],"meta":{}},{"ancestorTitles":["Price Value Object","Practical scenarios"],"fullName":"Price Value Object Practical scenarios should handle weekly rate (7 nights) with decimal","status":"passed","title":"should handle weekly rate (7 nights) with decimal","duration":0.06819999999999027,"failureMessages":[],"meta":{}}],"startTime":1768473275310,"endTime":1768473275319.0732,"status":"passed","message":"","name":"D:/REPOSITORY/Project/BookingApp/packages/shared/src/value-objects/__tests__/price.vo.test.ts"},{"assertionResults":[{"ancestorTitles":["GetMeUseCase","execute"],"fullName":"GetMeUseCase execute should return user when found by ID","status":"passed","title":"should return user when found by ID","duration":6.006200000000035,"failureMessages":[],"meta":{}},{"ancestorTitles":["GetMeUseCase","execute"],"fullName":"GetMeUseCase execute should throw error when user not found","status":"passed","title":"should throw error when user not found","duration":4.1638000000000375,"failureMessages":[],"meta":{}},{"ancestorTitles":["GetMeUseCase","execute"],"fullName":"GetMeUseCase execute should pass userId exactly as provided","status":"passed","title":"should pass userId exactly as provided","duration":0.5378000000000611,"failureMessages":[],"meta":{}},{"ancestorTitles":["GetMeUseCase","execute"],"fullName":"GetMeUseCase execute should handle repository errors","status":"passed","title":"should handle repository errors","duration":0.48900000000003274,"failureMessages":[],"meta":{}},{"ancestorTitles":["GetMeUseCase","execute","User data integrity"],"fullName":"GetMeUseCase execute User data integrity should return complete user object","status":"passed","title":"should return complete user object","duration":0.6484000000000378,"failureMessages":[],"meta":{}},{"ancestorTitles":["GetMeUseCase","execute","User data integrity"],"fullName":"GetMeUseCase execute User data integrity should return admin user with correct role","status":"passed","title":"should return admin user with correct role","duration":0.355199999999968,"failureMessages":[],"meta":{}},{"ancestorTitles":["GetMeUseCase","execute","Edge cases"],"fullName":"GetMeUseCase execute Edge cases should handle empty string userId","status":"passed","title":"should handle empty string userId","duration":0.9829999999999472,"failureMessages":[],"meta":{}},{"ancestorTitles":["GetMeUseCase","execute","Edge cases"],"fullName":"GetMeUseCase execute Edge cases should handle special characters in userId","status":"passed","title":"should handle special characters in userId","duration":0.5171000000000276,"failureMessages":[],"meta":{}},{"ancestorTitles":["GetMeUseCase","execute","Edge cases"],"fullName":"GetMeUseCase execute Edge cases should handle very long userId","status":"passed","title":"should handle very long userId","duration":0.4902999999999338,"failureMessages":[],"meta":{}},{"ancestorTitles":["GetMeUseCase","execute","Security considerations"],"fullName":"GetMeUseCase execute Security considerations should return user with password hash (for internal use)","status":"passed","title":"should return user with password hash (for internal use)","duration":0.28920000000016444,"failureMessages":[],"meta":{}},{"ancestorTitles":["GetMeUseCase","execute","Security considerations"],"fullName":"GetMeUseCase execute Security considerations should not modify user data","status":"passed","title":"should not modify user data","duration":0.3182999999999083,"failureMessages":[],"meta":{}},{"ancestorTitles":["GetMeUseCase","execute","Timing and performance"],"fullName":"GetMeUseCase execute Timing and performance should resolve quickly for existing user","status":"passed","title":"should resolve quickly for existing user","duration":0.3242999999999938,"failureMessages":[],"meta":{}},{"ancestorTitles":["GetMeUseCase","Error messages"],"fullName":"GetMeUseCase Error messages should use exact error message for not found","status":"passed","title":"should use exact error message for not found","duration":0.3808999999998832,"failureMessages":[],"meta":{}},{"ancestorTitles":["GetMeUseCase","Error messages"],"fullName":"GetMeUseCase Error messages should propagate repository error messages","status":"passed","title":"should propagate repository error messages","duration":0.2641999999998461,"failureMessages":[],"meta":{}},{"ancestorTitles":["GetMeUseCase","Multiple calls"],"fullName":"GetMeUseCase Multiple calls should handle multiple sequential calls","status":"passed","title":"should handle multiple sequential calls","duration":0.4011000000000422,"failureMessages":[],"meta":{}},{"ancestorTitles":["GetMeUseCase","Multiple calls"],"fullName":"GetMeUseCase Multiple calls should handle concurrent calls independently","status":"passed","title":"should handle concurrent calls independently","duration":0.35560000000009495,"failureMessages":[],"meta":{}}],"startTime":1768473275011,"endTime":1768473275028.3557,"status":"passed","message":"","name":"D:/REPOSITORY/Project/BookingApp/apps/backend/src/modules/auth/__tests__/get-me.use-case.test.ts"},{"assertionResults":[{"ancestorTitles":["LoginUseCase","execute"],"fullName":"LoginUseCase execute should successfully login with valid credentials","status":"passed","title":"should successfully login with valid credentials","duration":7.832599999999957,"failureMessages":[],"meta":{}},{"ancestorTitles":["LoginUseCase","execute"],"fullName":"LoginUseCase execute should throw error if user does not exist","status":"passed","title":"should throw error if user does not exist","duration":3.057399999999916,"failureMessages":[],"meta":{}},{"ancestorTitles":["LoginUseCase","execute"],"fullName":"LoginUseCase execute should throw error if password is incorrect","status":"passed","title":"should throw error if password is incorrect","duration":0.7905000000000655,"failureMessages":[],"meta":{}},{"ancestorTitles":["LoginUseCase","execute"],"fullName":"LoginUseCase execute should use exact error message for invalid credentials","status":"passed","title":"should use exact error message for invalid credentials","duration":0.5523000000000593,"failureMessages":[],"meta":{}},{"ancestorTitles":["LoginUseCase","execute"],"fullName":"LoginUseCase execute should handle repository errors gracefully","status":"passed","title":"should handle repository errors gracefully","duration":0.5407999999999902,"failureMessages":[],"meta":{}},{"ancestorTitles":["LoginUseCase","execute"],"fullName":"LoginUseCase execute should handle bcrypt compare errors","status":"passed","title":"should handle bcrypt compare errors","duration":0.41380000000003747,"failureMessages":[],"meta":{}},{"ancestorTitles":["LoginUseCase","execute","Password comparison"],"fullName":"LoginUseCase execute Password comparison should compare password with stored hash","status":"passed","title":"should compare password with stored hash","duration":0.5255999999999403,"failureMessages":[],"meta":{}},{"ancestorTitles":["LoginUseCase","execute","Password comparison"],"fullName":"LoginUseCase execute Password comparison should return user when comparison succeeds","status":"passed","title":"should return user when comparison succeeds","duration":0.48299999999994725,"failureMessages":[],"meta":{}},{"ancestorTitles":["LoginUseCase","execute","Case sensitivity"],"fullName":"LoginUseCase execute Case sensitivity should find user with case-sensitive email","status":"passed","title":"should find user with case-sensitive email","duration":0.651700000000119,"failureMessages":[],"meta":{}},{"ancestorTitles":["LoginUseCase","execute","Edge cases"],"fullName":"LoginUseCase execute Edge cases should handle empty password","status":"passed","title":"should handle empty password","duration":0.592600000000175,"failureMessages":[],"meta":{}},{"ancestorTitles":["LoginUseCase","execute","Edge cases"],"fullName":"LoginUseCase execute Edge cases should handle whitespace in password","status":"passed","title":"should handle whitespace in password","duration":0.48270000000002256,"failureMessages":[],"meta":{}},{"ancestorTitles":["LoginUseCase","execute","Edge cases"],"fullName":"LoginUseCase execute Edge cases should handle special characters in password","status":"passed","title":"should handle special characters in password","duration":0.4676999999999225,"failureMessages":[],"meta":{}},{"ancestorTitles":["LoginUseCase","execute","Admin login"],"fullName":"LoginUseCase execute Admin login should allow admin users to login","status":"passed","title":"should allow admin users to login","duration":0.5581999999999425,"failureMessages":[],"meta":{}},{"ancestorTitles":["LoginUseCase","Security scenarios"],"fullName":"LoginUseCase Security scenarios should not leak user existence information","status":"passed","title":"should not leak user existence information","duration":0.9449999999999363,"failureMessages":[],"meta":{}},{"ancestorTitles":["LoginUseCase","Security scenarios"],"fullName":"LoginUseCase Security scenarios should not call compare if user not found","status":"passed","title":"should not call compare if user not found","duration":0.6407000000001517,"failureMessages":[],"meta":{}}],"startTime":1768473275011,"endTime":1768473275030.6406,"status":"passed","message":"","name":"D:/REPOSITORY/Project/BookingApp/apps/backend/src/modules/auth/__tests__/login.use-case.test.ts"},{"assertionResults":[{"ancestorTitles":["RefreshTokenRepositoryImpl","findByToken"],"fullName":"RefreshTokenRepositoryImpl findByToken should return refresh token when found","status":"passed","title":"should return refresh token when found","duration":7.748199999999997,"failureMessages":[],"meta":{}},{"ancestorTitles":["RefreshTokenRepositoryImpl","findByToken"],"fullName":"RefreshTokenRepositoryImpl findByToken should return null when token not found","status":"passed","title":"should return null when token not found","duration":1.2324999999998454,"failureMessages":[],"meta":{}},{"ancestorTitles":["RefreshTokenRepositoryImpl","findByToken"],"fullName":"RefreshTokenRepositoryImpl findByToken should handle database errors","status":"passed","title":"should handle database errors","duration":3,"failureMessages":[],"meta":{}},{"ancestorTitles":["RefreshTokenRepositoryImpl","findByToken"],"fullName":"RefreshTokenRepositoryImpl findByToken should handle expired tokens","status":"passed","title":"should handle expired tokens","duration":0.8420000000000982,"failureMessages":[],"meta":{}},{"ancestorTitles":["RefreshTokenRepositoryImpl","create"],"fullName":"RefreshTokenRepositoryImpl create should create and return new refresh token","status":"passed","title":"should create and return new refresh token","duration":1.2784999999998945,"failureMessages":[],"meta":{}},{"ancestorTitles":["RefreshTokenRepositoryImpl","create"],"fullName":"RefreshTokenRepositoryImpl create should set correct expiration date","status":"passed","title":"should set correct expiration date","duration":1.4137000000000626,"failureMessages":[],"meta":{}},{"ancestorTitles":["RefreshTokenRepositoryImpl","create"],"fullName":"RefreshTokenRepositoryImpl create should handle database errors on create","status":"passed","title":"should handle database errors on create","duration":0.6631999999999607,"failureMessages":[],"meta":{}},{"ancestorTitles":["RefreshTokenRepositoryImpl","delete"],"fullName":"RefreshTokenRepositoryImpl delete should delete refresh token successfully","status":"passed","title":"should delete refresh token successfully","duration":1.2463999999999942,"failureMessages":[],"meta":{}},{"ancestorTitles":["RefreshTokenRepositoryImpl","delete"],"fullName":"RefreshTokenRepositoryImpl delete should handle delete of non-existent token","status":"passed","title":"should handle delete of non-existent token","duration":0.5788000000000011,"failureMessages":[],"meta":{}},{"ancestorTitles":["RefreshTokenRepositoryImpl","delete"],"fullName":"RefreshTokenRepositoryImpl delete should handle database errors on delete","status":"passed","title":"should handle database errors on delete","duration":0.6818000000000666,"failureMessages":[],"meta":{}},{"ancestorTitles":["RefreshTokenRepositoryImpl","deleteByUserId"],"fullName":"RefreshTokenRepositoryImpl deleteByUserId should delete all refresh tokens for user","status":"passed","title":"should delete all refresh tokens for user","duration":0.7839000000001306,"failureMessages":[],"meta":{}},{"ancestorTitles":["RefreshTokenRepositoryImpl","deleteByUserId"],"fullName":"RefreshTokenRepositoryImpl deleteByUserId should handle case when user has no tokens","status":"passed","title":"should handle case when user has no tokens","duration":0.7104000000001633,"failureMessages":[],"meta":{}},{"ancestorTitles":["RefreshTokenRepositoryImpl","deleteByUserId"],"fullName":"RefreshTokenRepositoryImpl deleteByUserId should handle database errors on deleteMany","status":"passed","title":"should handle database errors on deleteMany","duration":0.5714000000000397,"failureMessages":[],"meta":{}},{"ancestorTitles":["RefreshTokenRepositoryImpl","toDomain mapping"],"fullName":"RefreshTokenRepositoryImpl toDomain mapping should correctly map Prisma model to RefreshToken entity","status":"passed","title":"should correctly map Prisma model to RefreshToken entity","duration":0.7000000000000455,"failureMessages":[],"meta":{}},{"ancestorTitles":["RefreshTokenRepositoryImpl","Edge cases"],"fullName":"RefreshTokenRepositoryImpl Edge cases should handle empty token string","status":"passed","title":"should handle empty token string","duration":0.9115999999999076,"failureMessages":[],"meta":{}},{"ancestorTitles":["RefreshTokenRepositoryImpl","Edge cases"],"fullName":"RefreshTokenRepositoryImpl Edge cases should handle very long token strings","status":"passed","title":"should handle very long token strings","duration":0.6931999999999334,"failureMessages":[],"meta":{}}],"startTime":1768473274996,"endTime":1768473275019.693,"status":"passed","message":"","name":"D:/REPOSITORY/Project/BookingApp/apps/backend/src/modules/auth/__tests__/refresh-token.repository.impl.test.ts"},{"assertionResults":[{"ancestorTitles":["RefreshUseCase","execute"],"fullName":"RefreshUseCase execute should successfully refresh token with valid refresh token","status":"passed","title":"should successfully refresh token with valid refresh token","duration":9.57470000000012,"failureMessages":[],"meta":{}},{"ancestorTitles":["RefreshUseCase","execute"],"fullName":"RefreshUseCase execute should throw error if refresh token is invalid","status":"passed","title":"should throw error if refresh token is invalid","duration":2.2305999999998676,"failureMessages":[],"meta":{}},{"ancestorTitles":["RefreshUseCase","exe
[...]
":null}},"153":{"start":{"line":418,"column":8},"end":{"line":421,"column":null}},"154":{"start":{"line":422,"column":8},"end":{"line":422,"column":null}},"155":{"start":{"line":425,"column":6},"end":{"line":428,"column":null}},"156":{"start":{"line":433,"column":10},"end":{"line":433,"column":null}},"157":{"start":{"line":434,"column":19},"end":{"line":434,"column":null}},"158":{"start":{"line":436,"column":4},"end":{"line":439,"column":null}},"159":{"start":{"line":437,"column":6},"end":{"line":437,"column":null}},"160":{"start":{"line":438,"column":6},"end":{"line":438,"column":null}},"161":{"start":{"line":441,"column":4},"end":{"line":479,"column":null}},"162":{"start":{"line":442,"column":6},"end":{"line":442,"column":null}},"163":{"start":{"line":444,"column":22},"end":{"line":444,"column":null}},"164":{"start":{"line":446,"column":6},"end":{"line":446,"column":null}},"165":{"start":{"line":448,"column":12},"end":{"line":448,"column":null}},"166":{"start":{"line":449,"column":6},"end":{"line":452,"column":null}},"167":{"start":{"line":454,"column":6},"end":{"line":457,"column":null}},"168":{"start":{"line":459,"column":6},"end":{"line":465,"column":null}},"169":{"start":{"line":460,"column":8},"end":{"line":463,"column":null}},"170":{"start":{"line":464,"column":8},"end":{"line":464,"column":null}},"171":{"start":{"line":467,"column":6},"end":{"line":473,"column":null}},"172":{"start":{"line":468,"column":8},"end":{"line":471,"column":null}},"173":{"start":{"line":472,"column":8},"end":{"line":472,"column":null}},"174":{"start":{"line":475,"column":6},"end":{"line":478,"column":null}}},"fnMap":{"0":{"name":"(anonymous_0)","decl":{"start":{"line":20,"column":2},"end":{"line":20,"column":null}},"loc":{"start":{"line":32,"column":4},"end":{"line":32,"column":null}},"line":32},"1":{"name":"(anonymous_1)","decl":{"start":{"line":34,"column":8},"end":{"line":34,"column":20}},"loc":{"start":{"line":34,"column":64},"end":{"line":53,"column":null}},"line":34},"2":{"name":"(anonymous_2)","decl":{"start":{"line":55,"column":8},"end":{"line":55,"column":23}},"loc":{"start":{"line":55,"column":67},"end":{"line":90,"column":null}},"line":55},"3":{"name":"(anonymous_3)","decl":{"start":{"line":92,"column":8},"end":{"line":92,"column":26}},"loc":{"start":{"line":92,"column":70},"end":{"line":121,"column":null}},"line":92},"4":{"name":"(anonymous_4)","decl":{"start":{"line":123,"column":8},"end":{"line":123,"column":22}},"loc":{"start":{"line":123,"column":66},"end":{"line":187,"column":null}},"line":123},"5":{"name":"(anonymous_5)","decl":{"start":{"line":189,"column":8},"end":{"line":189,"column":22}},"loc":{"start":{"line":189,"column":66},"end":{"line":239,"column":null}},"line":189},"6":{"name":"(anonymous_6)","decl":{"start":{"line":203,"column":33},"end":{"line":203,"column":34}},"loc":{"start":{"line":203,"column":42},"end":{"line":207,"column":7}},"line":203},"7":{"name":"(anonymous_7)","decl":{"start":{"line":241,"column":8},"end":{"line":241,"column":22}},"loc":{"start":{"line":241,"column":66},"end":{"line":280,"column":null}},"line":241},"8":{"name":"(anonymous_8)","decl":{"start":{"line":282,"column":8},"end":{"line":282,"column":22}},"loc":{"start":{"line":282,"column":66},"end":{"line":330,"column":null}},"line":282},"9":{"name":"(anonymous_9)","decl":{"start":{"line":332,"column":8},"end":{"line":332,"column":23}},"loc":{"start":{"line":332,"column":67},"end":{"line":380,"column":null}},"line":332},"10":{"name":"(anonymous_10)","decl":{"start":{"line":382,"column":8},"end":{"line":382,"column":23}},"loc":{"start":{"line":382,"column":67},"end":{"line":430,"column":null}},"line":382},"11":{"name":"(anonymous_11)","decl":{"start":{"line":432,"column":8},"end":{"line":432,"column":24}},"loc":{"start":{"line":432,"column":68},"end":{"line":480,"column":null}},"line":432}},"branchMap":{"0":{"loc":{"start":{"line":46,"column":15},"end":{"line":46,"column":null}},"type":"cond-expr","locations":[{"start":{"line":46,"column":40},"end":{"line":46,"column":56}},{"start":{"line":46,"column":56},"end":{"line":46,"column":null}}],"line":46},"1":{"loc":{"start":{"line":59,"column":4},"end":{"line":62,"column":null}},"type":"if","locations":[{"start":{"line":59,"column":4},"end":{"line":62,"column":null}},{"start":{},"end":{}}],"line":59},"2":{"loc":{"start":{"line":74,"column":15},"end":{"line":74,"column":null}},"type":"cond-expr","locations":[{"start":{"line":74,"column":40},"end":{"line":74,"column":56}},{"start":{"line":74,"column":56},"end":{"line":74,"column":null}}],"line":74},"3":{"loc":{"start":{"line":77,"column":6},"end":{"line":83,"column":null}},"type":"if","locations":[{"start":{"line":77,"column":6},"end":{"line":83,"column":null}},{"start":{},"end":{}}],"line":77},"4":{"loc":{"start":{"line":96,"column":4},"end":{"line":102,"column":null}},"type":"if","locations":[{"start":{"line":96,"column":4},"end":{"line":102,"column":null}},{"start":{},"end":{}}],"line":96},"5":{"loc":{"start":{"line":114,"column":15},"end":{"line":114,"column":null}},"type":"cond-expr","locations":[{"start":{"line":114,"column":40},"end":{"line":114,"column":56}},{"start":{"line":114,"column":56},"end":{"line":114,"column":null}}],"line":114},"6":{"loc":{"start":{"line":129,"column":6},"end":{"line":135,"column":null}},"type":"if","locations":[{"start":{"line":129,"column":6},"end":{"line":135,"column":null}},{"start":{},"end":{}}],"line":129},"7":{"loc":{"start":{"line":163,"column":15},"end":{"line":163,"column":null}},"type":"cond-expr","locations":[{"start":{"line":163,"column":40},"end":{"line":163,"column":56}},{"start":{"line":163,"column":56},"end":{"line":163,"column":null}}],"line":163},"8":{"loc":{"start":{"line":166,"column":6},"end":{"line":172,"column":null}},"type":"if","locations":[{"start":{"line":166,"column":6},"end":{"line":172,"column":null}},{"start":{},"end":{}}],"line":166},"9":{"loc":{"start":{"line":174,"column":6},"end":{"line":180,"column":null}},"type":"if","locations":[{"start":{"line":174,"column":6},"end":{"line":180,"column":null}},{"start":{},"end":{}}],"line":174},"10":{"loc":{"start":{"line":193,"column":4},"end":{"line":196,"column":null}},"type":"if","locations":[{"start":{"line":193,"column":4},"end":{"line":196,"column":null}},{"start":{},"end":{}}],"line":193},"11":{"loc":{"start":{"line":200,"column":21},"end":{"line":200,"column":null}},"type":"cond-expr","locations":[{"start":{"line":200,"column":44},"end":{"line":200,"column":75}},{"start":{"line":200,"column":75},"end":{"line":200,"column":null}}],"line":200},"12":{"loc":{"start":{"line":204,"column":8},"end":{"line":206,"column":null}},"type":"if","locations":[{"start":{"line":204,"column":8},"end":{"line":206,"column":null}},{"start":{},"end":{}}],"line":204},"13":{"loc":{"start":{"line":223,"column":15},"end":{"line":223,"column":null}},"type":"cond-expr","locations":[{"start":{"line":223,"column":40},"end":{"line":223,"column":56}},{"start":{"line":223,"column":56},"end":{"line":223,"column":null}}],"line":223},"14":{"loc":{"start":{"line":226,"column":6},"end":{"line":232,"column":null}},"type":"if","locations":[{"start":{"line":226,"column":6},"end":{"line":232,"column":null}},{"start":{},"end":{}}],"line":226},"15":{"loc":{"start":{"line":245,"column":4},"end":{"line":248,"column":null}},"type":"if","locations":[{"start":{"line":245,"column":4},"end":{"line":248,"column":null}},{"start":{},"end":{}}],"line":245},"16":{"loc":{"start":{"line":264,"column":15},"end":{"line":264,"column":null}},"type":"cond-expr","locations":[{"start":{"line":264,"column":40},"end":{"line":264,"column":56}},{"start":{"line":264,"column":56},"end":{"line":264,"column":null}}],"line":264},"17":{"loc":{"start":{"line":267,"column":6},"end":{"line":273,"column":null}},"type":"if","locations":[{"start":{"line":267,"column":6},"end":{"line":273,"column":null}},{"start":{},"end":{}}],"line":267},"18":{"loc":{"start":{"line":286,"column":4},"end":{"line":289,"column":null}},"type":"if","locations":[{"start":{"line":286,"column":4},"end":{"line":289,"column":null}},{"start":{},"end":{}}],"line":286},"19":{"loc":{"start":{"line":306,"column":15},"end":{"line":306,"column":null}},"type":"cond-expr","locations":[{"start":{"line":306,"column":40},"end":{"line":306,"column":56}},{"start":{"line":306,"column":56},"end":{"line":306,"column":null}}],"line":306},"20":{"loc":{"start":{"line":309,"column":6},"end":{"line":315,"column":null}},"type":"if","locations":[{"start":{"line":309,"column":6},"end":{"line":315,"column":null}},{"start":{},"end":{}}],"line":309},"21":{"loc":{"start":{"line":317,"column":6},"end":{"line":323,"column":null}},"type":"if","locations":[{"start":{"line":317,"column":6},"end":{"line":323,"column":null}},{"start":{},"end":{}}],"line":317},"22":{"loc":{"start":{"line":336,"column":4},"end":{"line":339,"column":null}},"type":"if","locations":[{"start":{"line":336,"column":4},"end":{"line":339,"column":null}},{"start":{},"end":{}}],"line":336},"23":{"loc":{"start":{"line":356,"column":15},"end":{"line":356,"column":null}},"type":"cond-expr","locations":[{"start":{"line":356,"column":40},"end":{"line":356,"column":56}},{"start":{"line":356,"column":56},"end":{"line":356,"column":null}}],"line":356},"24":{"loc":{"start":{"line":359,"column":6},"end":{"line":365,"column":null}},"type":"if","locations":[{"start":{"line":359,"column":6},"end":{"line":365,"column":null}},{"start":{},"end":{}}],"line":359},"25":{"loc":{"start":{"line":367,"column":6},"end":{"line":373,"column":null}},"type":"if","locations":[{"start":{"line":367,"column":6},"end":{"line":373,"column":null}},{"start":{},"end":{}}],"line":367},"26":{"loc":{"start":{"line":386,"column":4},"end":{"line":389,"column":null}},"type":"if","locations":[{"start":{"line":386,"column":4},"end":{"line":389,"column":null}},{"start":{},"end":{}}],"line":386},"27":{"loc":{"start":{"line":406,"column":15},"end":{"line":406,"column":null}},"type":"cond-expr","locations":[{"start":{"line":406,"column":40},"end":{"line":406,"column":56}},{"start":{"line":406,"column":56},"end":{"line":406,"column":null}}],"line":406},"28":{"loc":{"start":{"line":409,"column":6},"end":{"line":415,"column":null}},"type":"if","locations":[{"start":{"line":409,"column":6},"end":{"line":415,"column":null}},{"start":{},"end":{}}],"line":409},"29":{"loc":{"start":{"line":417,"column":6},"end":{"line":423,"column":null}},"type":"if","locations":[{"start":{"line":417,"column":6},"end":{"line":423,"column":null}},{"start":{},"end":{}}],"line":417},"30":{"loc":{"start":{"line":436,"column":4},"end":{"line":439,"column":null}},"type":"if","locations":[{"start":{"line":436,"column":4},"end":{"line":439,"column":null}},{"start":{},"end":{}}],"line":436},"31":{"loc":{"start":{"line":456,"column":15},"end":{"line":456,"column":null}},"type":"cond-expr","locations":[{"start":{"line":456,"column":40},"end":{"line":456,"column":56}},{"start":{"line":456,"column":56},"end":{"line":456,"column":null}}],"line":456},"32":{"loc":{"start":{"line":459,"column":6},"end":{"line":465,"column":null}},"type":"if","locations":[{"start":{"line":459,"column":6},"end":{"line":465,"column":null}},{"start":{},"end":{}}],"line":459},"33":{"loc":{"start":{"line":467,"column":6},"end":{"line":473,"column":null}},"type":"if","locations":[{"start":{"line":467,"column":6},"end":{"line":473,"column":null}},{"start":{},"end":{}}],"line":467}},"s":{"0":0,"1":0,"2":0,"3":0,"4":0,"5":0,"6":0,"7":0,"8":0,"9":0,"10":0,"11":0,"12":0,"13":0,"14":0,"15":0,"16":0,"17":0,"18":0,"19":0,"20":0,"21":0,"22":0,"23":0,"24":0,"25":0,"26":0,"27":0,"28":0,"29":0,"30":0,"31":0,"32":0,"33":0,"34":0,"35":0,"36":0,"37":0,"38":0,"39":0,"40":0,"41":0,"42":0,"43":0,"44":0,"45":0,"46":0,"47":0,"48":0,"49":0,"50":0,"51":0,"52":0,"53":0,"54":0,"55":0,"56":0,"57":0,"58":0,"59":0,"60":0,"61":0,"62":0,"63":0,"64":0,"65":0,"66":0,"67":0,"68":0,"69":0,"70":0,"71":0,"72":0,"73":0,"74":0,"75":0,"76":0,"77":0,"78":0,"79":0,"80":0,"81":0,"82":0,"83":0,"84":0,"85":0,"86":0,"87":0,"88":0,"89":0,"90":0,"91":0,"92":0,"93":0,"94":0,"95":0,"96":0,"97":0,"98":0,"99":0,"100":0,"101":0,"102":0,"103":0,"104":0,"105":0,"106":0,"107":0,"108":0,"109":0,"110":0,"111":0,"112":0,"113":0,"114":0,"115":0,"116":0,"117":0,"118":0,"119":0,"120":0,"121":0,"122":0,"123":0,"124":0,"125":0,"126":0,"127":0,"128":0,"129":0,"130":0,"131":0,"132":0,"133":0,"134":0,"135":0,"136":0,"137":0,"138":0,"139":0,"140":0,"141":0,"142":0,"143":0,"144":0,"145":0,"146":0,"147":0,"148":0,"149":0,"150":0,"151":0,"152":0,"153":0,"154":0,"155":0,"156":0,"157":0,"158":0,"159":0,"160":0,"161":0,"162":0,"163":0,"164":0,"165":0,"166":0,"167":0,"168":0,"169":0,"170":0,"171":0,"172":0,"173":0,"174":0},"f":{"0":0,"1":0,"2":0,"3":0,"4":0,"5":0,"6":0,"7":0,"8":0,"9":0,"10":0,"11":0},"b":{"0":[0,0],"1":[0,0],"2":[0,0],"3":[0,0],"4":[0,0],"5":[0,0],"6":[0,0],"7":[0,0],"8":[0,0],"9":[0,0],"10":[0,0],"11":[0,0],"12":[0,0],"13":[0,0],"14":[0,0],"15":[0,0],"16":[0,0],"17":[0,0],"18":[0,0],"19":[0,0],"20":[0,0],"21":[0,0],"22":[0,0],"23":[0,0],"24":[0,0],"25":[0,0],"26":[0,0],"27":[0,0],"28":[0,0],"29":[0,0],"30":[0,0],"31":[0,0],"32":[0,0],"33":[0,0]},"meta":{"lastBranch":34,"lastFunction":12,"lastStatement":175,"seen":{"s:17:22:17:Infinity":0,"f:20:2:20:Infinity":0,"s:21:12:21:Infinity":1,"s:22:12:22:Infinity":2,"s:23:12:23:Infinity":3,"s:24:12:24:Infinity":4,"s:25:12:25:Infinity":5,"s:26:12:26:Infinity":6,"s:27:12:27:Infinity":7,"s:28:12:28:Infinity":8,"s:29:12:29:Infinity":9,"s:30:12:30:Infinity":10,"s:31:12:31:Infinity":11,"f:34:8:34:20":1,"s:35:10:35:Infinity":12,"s:37:4:52:Infinity":13,"s:38:36:38:Infinity":14,"s:39:12:39:Infinity":15,"s:40:6:43:Infinity":16,"s:45:6:47:Infinity":17,"b:46:40:46:56:46:56:46:Infinity":0,"s:48:6:51:Infinity":18,"f:55:8:55:23":2,"s:56:10:56:Infinity":19,"s:57:19:57:Infinity":20,"b:59:4:62:Infinity:undefined:undefined:undefined:undefined":1,"s:59:4:62:Infinity":21,"s:60:6:60:Infinity":22,"s:61:6:61:Infinity":23,"s:64:4:89:Infinity":24,"s:65:22:65:Infinity":25,"s:66:12:66:Infinity":26,"s:67:6:70:Infinity":27,"s:72:6:75:Infinity":28,"b:74:40:74:56:74:56:74:Infinity":2,"b:77:6:83:Infinity:undefined:undefined:undefined:undefined":3,"s:77:6:83:Infinity":29,"s:78:8:81:Infinity":30,"s:82:8:82:Infinity":31,"s:85:6:88:Infinity":32,"f:92:8:92:26":3,"s:93:10:93:Infinity":33,"s:94:20:94:Infinity":34,"b:96:4:102:Infinity:undefined:undefined:undefined:undefined":4,"s:96:4:102:Infinity":35,"s:97:6:100:Infinity":36,"s:101:6:101:Infinity":37,"s:104:4:120:Infinity":38,"s:105:36:105:Infinity":39,"s:106:12:106:Infinity":40,"s:107:6:110:Infinity":41,"s:112:6:115:Infinity":42,"b:114:40:114:56:114:56:114:Infinity":5,"s:116:6:119:Infinity":43,"f:123:8:123:22":4,"s:124:10:124:Infinity":44,"s:126:4:186:Infinity":45,"s:127:22:127:Infinity":46,"b:129:6:135:Infinity:undefined:undefined:undefined:undefined":6,"s:129:6:135:Infinity":47,"s:130:8:133:Infinity":48,"s:134:8:134:Infinity":49,"s:137:20:143:Infinity":50,"s:145:6:150:Infinity":51,"s:152:22:152:Infinity":52,"s:154:6:154:Infinity":53,"s:156:12:156:Infinity":54,"s:157:6:160:Infinity":55,"s:162:6:164:Infinity":56,"b:163:40:163:56:163:56:163:Infinity":7,"b:166:6:172:Infinity:undefined:undefined:undefined:undefined":8,"s:166:6:172:Infinity":57,"s:167:8:170:Infinity":58,"s:171:8:171:Infinity":59,"b:174:6:180:Infinity:undefined:undefined:undefined:undefined":9,"s:174:6:180:Infinity":60,"s:175:8:178:Infinity":61,"s:179:8:179:Infinity":62,"s:182:6:185:Infinity":63,"f:189:8:189:22":5,"s:190:10:190:Infinity":64,"s:191:19:191:Infinity":65,"b:193:4:196:Infinity:undefined:undefined:undefined:undefined":10,"s:193:4:196:Infinity":66,"s:194:6:194:Infinity":67,"s:195:6:195:Infinity":68,"s:198:4:238:Infinity":69,"s:199:45:201:Infinity":70,"b:200:44:200:75:200:75:200:Infinity":11,"s:203:6:207:Infinity":71,"f:203:33:203:34":6,"b:204:8:206:Infinity:undefined:undefined:undefined:undefined":12,"s:204:8:206:Infinity":72,"s:205:10:205:Infinity":73,"s:209:6:209:Infinity":74,"s:211:22:211:Infinity":75,"s:213:6:213:Infinity":76,"s:215:12:215:Infinity":77,"s:216:6:219:Infinity":78,"s:221:6:224:Infinity":79,"b:223:40:223:56:223:56:223:Infinity":13,"b:226:6:232:Infinity:undefined:undefined:undefined:undefined":14,"s:226:6:232:Infinity":80,"s:227:8:230:Infinity":81,"s:231:8:231:Infinity":82,"s:234:6:237:Infinity":83,"f:241:8:241:22":7,"s:242:10:242:Infinity":84,"s:243:19:243:Infinity":85,"b:245:4:248:Infinity:undefined:undefined:undefined:undefined":15,"s:245:4:248:Infinity":86,"s:246:6:246:Infinity":87,"s:247:6:247:Infinity":88,"s:250:4:279:Infinity":89,"s:251:6:251:Infinity":90,"s:253:6:253:Infinity":91,"s:255:6:255:Infinity":92,"s:257:6:260:Infinity":93,"s:262:6:265:Infinity":94,"b:264:40:264:56:264:56:264:Infinity":16,"b:267:6:273:Infinity:undefined:undefined:undefined:undefined":17,"s:267:6:273:Infinity":95,"s:268:8:271:Infinity":96,"s:272:8:272:Infinity":97,"s:275:6:278:Infinity":98,"f:282:8:282:22":8,"s:283:10:283:Infinity":99,"s:284:19:284:Infinity":100,"b:286:4:289:Infinity:undefined:undefined:undefined:undefined":18,"s:286:4:289:Infinity":101,"s:287:6:287:Infinity":102,"s:288:6:288:Infinity":103,"s:291:4:329:Infinity":104,"s:292:6:292:Infinity":105,"s:294:22:294:Infinity":106,"s:296:6:296:Infinity":107,"s:298:12:298:Infinity":108,"s:299:6:302:Infinity":109,"s:304:6:307:Infinity":110,"b:306:40:306:56:306:56:306:Infinity":19,"b:309:6:315:Infinity:undefined:undefined:undefined:undefined":20,"s:309:6:315:Infinity":111,"s:310:8:313:Infinity":112,"s:314:8:314:Infinity":113,"b:317:6:323:Infinity:undefined:undefined:undefined:undefined":21,"s:317:6:323:Infinity":114,"s:318:8:321:Infinity":115,"s:322:8:322:Infinity":116,"s:325:6:328:Infinity":117,"f:332:8:332:23":9,"s:333:10:333:Infinity":118,"s:334:19:334:Infinity":119,"b:336:4:339:Infinity:undefined:undefined:undefined:undefined":22,"s:336:4:339:Infinity":120,"s:337:6:337:Infinity":121,"s:338:6:338:Infinity":122,"s:341:4:379:Infinity":123,"s:342:6:342:Infinity":124,"s:344:22:344:Infinity":125,"s:346:6:346:Infinity":126,"s:348:12:348:Infinity":127,"s:349:6:352:Infinity":128,"s:354:6:357:Infinity":129,"b:356:40:356:56:356:56:356:Infinity":23,"b:359:6:365:Infinity:undefined:undefined:undefined:undefined":24,"s:359:6:365:Infinity":130,"s:360:8:363:Infinity":131,"s:364:8:364:Infinity":132,"b:367:6:373:Infinity:undefined:undefined:undefined:undefined":25,"s:367:6:373:Infinity":133,"s:368:8:371:Infinity":134,"s:372:8:372:Infinity":135,"s:375:6:378:Infinity":136,"f:382:8:382:23":10,"s:383:10:383:Infinity":137,"s:384:19:384:Infinity":138,"b:386:4:389:Infinity:undefined:undefined:undefined:undefined":26,"s:386:4:389:Infinity":139,"s:387:6:387:Infinity":140,"s:388:6:388:Infinity":141,"s:391:4:429:Infinity":142,"s:392:6:392:Infinity":143,"s:394:22:394:Infinity":144,"s:396:6:396:Infinity":145,"s:398:12:398:Infinity":146,"s:399:6:402:Infinity":147,"s:404:6:407:Infinity":148,"b:406:40:406:56:406:56:406:Infinity":27,"b:409:6:415:Infinity:undefined:undefined:undefined:undefined":28,"s:409:6:415:Infinity":149,"s:410:8:413:Infinity":150,"s:414:8:414:Infinity":151,"b:417:6:423:Infinity:undefined:undefined:undefined:undefined":29,"s:417:6:423:Infinity":152,"s:418:8:421:Infinity":153,"s:422:8:422:Infinity":154,"s:425:6:428:Infinity":155,"f:432:8:432:24":11,"s:433:10:433:Infinity":156,"s:434:19:434:Infinity":157,"b:436:4:439:Infinity:undefined:undefined:undefined:undefined":30,"s:436:4:439:Infinity":158,"s:437:6:437:Infinity":159,"s:438:6:438:Infinity":160,"s:441:4:479:Infinity":161,"s:442:6:442:Infinity":162,"s:444:22:444:Infinity":163,"s:446:6:446:Infinity":164,"s:448:12:448:Infinity":165,"s:449:6:452:Infinity":166,"s:454:6:457:Infinity":167,"b:456:40:456:56:456:56:456:Infinity":31,"b:459:6:465:Infinity:undefined:undefined:undefined:undefined":32,"s:459:6:465:Infinity":168,"s:460:8:463:Infinity":169,"s:464:8:464:Infinity":170,"b:467:6:473:Infinity:undefined:undefined:undefined:undefined":33,"s:467:6:473:Infinity":171,"s:468:8:471:Infinity":172,"s:472:8:472:Infinity":173,"s:475:6:478:Infinity":174}}}}}